Using pre-set license
Built from '2021.3/staging' branch; Version is '2021.3.9f1 (ad3870b89536) revision 11352176'; Using compiler version '192829333'; Build Type 'Release'
OS: 'Windows 11  (10.0.22621) 64bit Core' Language: 'pl' Physical Memory: 32637 MB
BatchMode: 1, IsHumanControllingUs: 0, StartBugReporterOnCrash: 0, Is64bit: 1, IsPro: 1

COMMAND LINE ARGUMENTS:
C:\Program Files\Unity\Hub\Editor\2021.3.9f1\Editor\Unity.exe
-adb2
-batchMode
-noUpm
-name
AssetImportWorker1
-projectPath
C:/Programowanie/New_Hero/New Hero
-logFile
Logs/AssetImportWorker1.log
-srvPort
51527
Successfully changed project path to: C:/Programowanie/New_Hero/New Hero
C:/Programowanie/New_Hero/New Hero
[UnityMemory] Configuration Parameters - Can be set up in boot.config
    "memorysetup-bucket-allocator-granularity=16"
    "memorysetup-bucket-allocator-bucket-count=8"
    "memorysetup-bucket-allocator-block-size=33554432"
    "memorysetup-bucket-allocator-block-count=8"
    "memorysetup-main-allocator-block-size=16777216"
    "memorysetup-thread-allocator-block-size=16777216"
    "memorysetup-gfx-main-allocator-block-size=16777216"
    "memorysetup-gfx-thread-allocator-block-size=16777216"
    "memorysetup-cache-allocator-block-size=4194304"
    "memorysetup-typetree-allocator-block-size=2097152"
    "memorysetup-profiler-bucket-allocator-granularity=16"
    "memorysetup-profiler-bucket-allocator-bucket-count=8"
    "memorysetup-profiler-bucket-allocator-block-size=33554432"
    "memorysetup-profiler-bucket-allocator-block-count=8"
    "memorysetup-profiler-allocator-block-size=16777216"
    "memorysetup-profiler-editor-allocator-block-size=1048576"
    "memorysetup-temp-allocator-size-main=16777216"
    "memorysetup-job-temp-allocator-block-size=2097152"
    "memorysetup-job-temp-allocator-block-size-background=1048576"
    "memorysetup-job-temp-allocator-reduction-small-platforms=262144"
    "memorysetup-temp-allocator-size-background-worker=32768"
    "memorysetup-temp-allocator-size-job-worker=262144"
    "memorysetup-temp-allocator-size-preload-manager=33554432"
    "memorysetup-temp-allocator-size-nav-mesh-worker=65536"
    "memorysetup-temp-allocator-size-audio-worker=65536"
    "memorysetup-temp-allocator-size-cloud-worker=32768"
    "memorysetup-temp-allocator-size-gi-baking-worker=262144"
    "memorysetup-temp-allocator-size-gfx=262144"
Refreshing native plugins compatible for Editor in 90.38 ms, found 4 plugins.
Preloading 0 native plugins for Editor in 0.00 ms.
Initialize engine version: 2021.3.9f1 (ad3870b89536)
[Subsystems] Discovering subsystems at path C:/Program Files/Unity/Hub/Editor/2021.3.9f1/Editor/Data/Resources/UnitySubsystems
[Subsystems] Discovering subsystems at path C:/Programowanie/New_Hero/New Hero/Assets
GfxDevice: creating device client; threaded=0; jobified=0
Direct3D:
    Version:  Direct3D 11.0 [level 11.1]
    Renderer: NVIDIA GeForce GTX 1650 Ti (ID=0x1f95)
    Vendor:   NVIDIA
    VRAM:     3962 MB
    Driver:   27.21.14.5749
Initialize mono
Mono path[0] = 'C:/Program Files/Unity/Hub/Editor/2021.3.9f1/Editor/Data/Managed'
Mono path[1] = 'C:/Program Files/Unity/Hub/Editor/2021.3.9f1/Editor/Data/MonoBleedingEdge/lib/mono/unityjit-win32'
Mono config path = 'C:/Program Files/Unity/Hub/Editor/2021.3.9f1/Editor/Data/MonoBleedingEdge/etc'
Using monoOptions --debugger-agent=transport=dt_socket,embedding=1,server=y,suspend=n,address=127.0.0.1:56908
Begin MonoManager ReloadAssembly
Registering precompiled unity dll's ...
Register platform support module: C:/Program Files/Unity/Hub/Editor/2021.3.9f1/Editor/Data/PlaybackEngines/WindowsStandaloneSupport/UnityEditor.WindowsStandalone.Extensions.dll
Registered in 0.005059 seconds.
Native extension for WindowsStandalone target not found
Refreshing native plugins compatible for Editor in 87.67 ms, found 4 plugins.
Preloading 0 native plugins for Editor in 0.00 ms.
Mono: successfully reloaded assembly
- Completed reload, in  0.608 seconds
Domain Reload Profiling:
	ReloadAssembly (608ms)
		BeginReloadAssembly (69ms)
			ExecutionOrderSort (0ms)
			DisableScriptedObjects (0ms)
			BackupInstance (0ms)
			ReleaseScriptingObjects (0ms)
			CreateAndSetChildDomain (1ms)
		EndReloadAssembly (439ms)
			LoadAssemblies (66ms)
			RebuildTransferFunctionScriptingTraits (0ms)
			SetupTypeCache (94ms)
			ReleaseScriptCaches (0ms)
			RebuildScriptCaches (26ms)
			SetupLoadedEditorAssemblies (269ms)
				LogAssemblyErrors (0ms)
				InitializePlatformSupportModulesInManaged (8ms)
				SetLoadedEditorAssemblies (0ms)
				RefreshPlugins (88ms)
				BeforeProcessingInitializeOnLoad (1ms)
				ProcessInitializeOnLoadAttributes (128ms)
				ProcessInitializeOnLoadMethodAttributes (44ms)
				AfterProcessingInitializeOnLoad (0ms)
				EditorAssembliesLoaded (0ms)
			ExecutionOrderSort2 (0ms)
			AwakeInstancesAfterBackupRestoration (0ms)
Platform modules already initialized, skipping
Registering precompiled user dll's ...
Registered in 0.009477 seconds.
Begin MonoManager ReloadAssembly
Symbol file LoadedFromMemory doesn't match image C:\Programowanie\New_Hero\New Hero\Library\PackageCache\com.unity.visualscripting@1.7.8\Editor\VisualScripting.Core\Dependencies\YamlDotNet\Unity.VisualScripting.YamlDotNet.dll
Symbol file LoadedFromMemory doesn't match image C:\Programowanie\New_Hero\New Hero\Library\PackageCache\com.unity.visualscripting@1.7.8\Editor\VisualScripting.Core\Dependencies\DotNetZip\Unity.VisualScripting.IonicZip.dll
Native extension for WindowsStandalone target not found
Refreshing native plugins compatible for Editor in 89.67 ms, found 4 plugins.
Preloading 0 native plugins for Editor in 0.00 ms.
Mono: successfully reloaded assembly
- Completed reload, in  1.202 seconds
Domain Reload Profiling:
	ReloadAssembly (1203ms)
		BeginReloadAssembly (102ms)
			ExecutionOrderSort (0ms)
			DisableScriptedObjects (5ms)
			BackupInstance (0ms)
			ReleaseScriptingObjects (0ms)
			CreateAndSetChildDomain (18ms)
		EndReloadAssembly (989ms)
			LoadAssemblies (92ms)
			RebuildTransferFunctionScriptingTraits (0ms)
			SetupTypeCache (279ms)
			ReleaseScriptCaches (1ms)
			RebuildScriptCaches (61ms)
			SetupLoadedEditorAssemblies (506ms)
				LogAssemblyErrors (0ms)
				InitializePlatformSupportModulesInManaged (4ms)
				SetLoadedEditorAssemblies (0ms)
				RefreshPlugins (90ms)
				BeforeProcessingInitializeOnLoad (96ms)
				ProcessInitializeOnLoadAttributes (265ms)
				ProcessInitializeOnLoadMethodAttributes (44ms)
				AfterProcessingInitializeOnLoad (8ms)
				EditorAssembliesLoaded (0ms)
			ExecutionOrderSort2 (0ms)
			AwakeInstancesAfterBackupRestoration (6ms)
Platform modules already initialized, skipping
========================================================================
Worker process is ready to serve import requests
Launched and connected shader compiler UnityShaderCompiler.exe after 0.07 seconds
Refreshing native plugins compatible for Editor in 0.78 ms, found 4 plugins.
Preloading 0 native plugins for Editor in 0.00 ms.
Unloading 4230 Unused Serialized files (Serialized files now loaded: 0)
Unloading 57 unused Assets / (294.2 KB). Loaded Objects now: 4679.
Memory consumption went from 157.6 MB to 157.3 MB.
Total: 4.145400 ms (FindLiveObjects: 0.662700 ms CreateObjectMapping: 0.330800 ms MarkObjects: 2.984100 ms  DeleteObjects: 0.165900 ms)

AssetImportParameters requested are different than current active one (requested -> active):
  custom:video-decoder-ogg-theora: a1e56fd34408186e4bbccfd4996cb3dc -> 
  custom:container-muxer-webm: aa71ff27fc2769a1b78a27578f13a17b -> 
  custom:container-demuxer-webm: 4f35f7cbe854078d1ac9338744f61a02 -> 
  custom:video-encoder-webm-vp8: eb34c28f22e8b96e1ab97ce403110664 -> 
  custom:audio-encoder-webm-vorbis: bf7c407c2cedff20999df2af8eb42d56 -> 
  custom:framework-win-MediaFoundation: 216162199b28c13a410421893ffa2e32 -> 
  custom:container-demuxer-ogg: 62fdf1f143b41e24485cea50d1cbac27 -> 
  custom:video-decoder-webm-vp8: 9c59270c3fd7afecdb556c50c9e8de78 -> 
  custom:audio-decoder-ogg-vorbis: bf7c407c2cedff20999df2af8eb42d56 -> 
========================================================================
Received Import Request.
  Time since last request: 228611.850309 seconds.
  path: Packages/com.unity.cinemachine/Presets/Noise/6D Wobble.asset
  artifactKey: Guid(e9ce97b7a206dc64d90931ea044e0c72) Importer(815301076,1909f56bfc062723c751e8b465ee728b)
Start importing Packages/com.unity.cinemachine/Presets/Noise/6D Wobble.asset using Guid(e9ce97b7a206dc64d90931ea044e0c72) Importer(815301076,1909f56bfc062723c751e8b465ee728b)  -> (artifact id: 'b4e8bb3e61df640e58b48f4928b35bbd') in 0.035479 seconds 
========================================================================
Received Import Request.
  Time since last request: 1.321386 seconds.
  path: Packages/com.unity.collab-proxy/Editor/Collaborate/Assets/Icons/added-file-dark@2x.png
  artifactKey: Guid(c223e0c507e2c6549a2cb97441b62cbe) Importer(815301076,1909f56bfc062723c751e8b465ee728b)
Start importing Packages/com.unity.collab-proxy/Editor/Collaborate/Assets/Icons/added-file-dark@2x.png using Guid(c223e0c507e2c6549a2cb97441b62cbe) Importer(815301076,1909f56bfc062723c751e8b465ee728b)  -> (artifact id: 'dee8ab1ee72773ba3a8bb6244b03dbc4') in 0.040123 seconds 
========================================================================
Received Import Request.
  Time since last request: 16.796813 seconds.
  path: Assets/Tiles/Basic_Tiles/newHeroTileSet_115.asset
  artifactKey: Guid(61b2647db0e47f14fa9229d174f7e03b) Importer(815301076,1909f56bfc062723c751e8b465ee728b)
Start importing Assets/Tiles/Basic_Tiles/newHeroTileSet_115.asset using Guid(61b2647db0e47f14fa9229d174f7e03b) Importer(815301076,1909f56bfc062723c751e8b465ee728b)  -> (artifact id: '606fa774bec1ae68f4839a7df8a18722') in 0.019084 seconds 
========================================================================
Received Import Request.
  Time since last request: 1.745684 seconds.
  path: Assets/Tiles/Basic_Tiles/newHeroTileSet_117.asset
  artifactKey: Guid(18e1447c223d0b6468253671c9dfcf31) Importer(815301076,1909f56bfc062723c751e8b465ee728b)
Start importing Assets/Tiles/Basic_Tiles/newHeroTileSet_117.asset using Guid(18e1447c223d0b6468253671c9dfcf31) Importer(815301076,1909f56bfc062723c751e8b465ee728b)  -> (artifact id: 'da54b173a55babc30feb34d53bd483b3') in 0.010346 seconds 
========================================================================
Received Import Request.
  Time since last request: 0.000024 seconds.
  path: Assets/Tiles/Basic_Tiles/newHeroTileSet_118.asset
  artifactKey: Guid(434b88339a5eba0438bda28cc122aee8) Importer(815301076,1909f56bfc062723c751e8b465ee728b)
Start importing Assets/Tiles/Basic_Tiles/newHeroTileSet_118.asset using Guid(434b88339a5eba0438bda28cc122aee8) Importer(815301076,1909f56bfc062723c751e8b465ee728b)  -> (artifact id: '422a37869263f09f27e32f9309b56fdf') in 0.047956 seconds 
========================================================================
Received Import Request.
  Time since last request: 2.030510 seconds.
  path: Assets/Tiles/Basic_Tiles/newHeroTileSet_109.asset
  artifactKey: Guid(622b748794a60ef459759328df3545fc) Importer(815301076,1909f56bfc062723c751e8b465ee728b)
Start importing Assets/Tiles/Basic_Tiles/newHeroTileSet_109.asset using Guid(622b748794a60ef459759328df3545fc) Importer(815301076,1909f56bfc062723c751e8b465ee728b)  -> (artifact id: '0a8bd4f79e1ff6fef099eee7573b9dc2') in 0.024546 seconds 
========================================================================
Received Import Request.
  Time since last request: 0.277777 seconds.
  path: Assets/Tiles/Basic_Tiles/newHeroTileSet_106.asset
  artifactKey: Guid(fcd02cb7c65556445af8fbce7974f993) Importer(815301076,1909f56bfc062723c751e8b465ee728b)
Start importing Assets/Tiles/Basic_Tiles/newHeroTileSet_106.asset using Guid(fcd02cb7c65556445af8fbce7974f993) Importer(815301076,1909f56bfc062723c751e8b465ee728b)  -> (artifact id: 'afe7b02dcfbc6018984c8a331326074c') in 0.010361 seconds 
========================================================================
Received Import Request.
  Time since last request: 1.015715 seconds.
  path: Assets/Tiles/Basic_Tiles/newHeroTileSet_103.asset
  artifactKey: Guid(0da6675a335f25140954e3b07afc5843) Importer(815301076,1909f56bfc062723c751e8b465ee728b)
Start importing Assets/Tiles/Basic_Tiles/newHeroTileSet_103.asset using Guid(0da6675a335f25140954e3b07afc5843) Importer(815301076,1909f56bfc062723c751e8b465ee728b)  -> (artifact id: '054345bad21732b8fe0a44225c3ba95b') in 0.009895 seconds 
========================================================================
Received Import Request.
  Time since last request: 0.008960 seconds.
  path: Assets/Tiles/Basic_Tiles/newHeroTileSet_95.asset
  artifactKey: Guid(877d2181597bf5647b3137dd7915d21f) Importer(815301076,1909f56bfc062723c751e8b465ee728b)
Start importing Assets/Tiles/Basic_Tiles/newHeroTileSet_95.asset using Guid(877d2181597bf5647b3137dd7915d21f) Importer(815301076,1909f56bfc062723c751e8b465ee728b)  -> (artifact id: 'c31c86dd1a4a7086fc3016b26220b5b3') in 0.009974 seconds 
========================================================================
Received Import Request.
  Time since last request: 0.000021 seconds.
  path: Assets/Tiles/Basic_Tiles/newHeroTileSet_97.asset
  artifactKey: Guid(1db03ce7337e91248ae6e8343797c12c) Importer(815301076,1909f56bfc062723c751e8b465ee728b)
Start importing Assets/Tiles/Basic_Tiles/newHeroTileSet_97.asset using Guid(1db03ce7337e91248ae6e8343797c12c) Importer(815301076,1909f56bfc062723c751e8b465ee728b)  -> (artifact id: 'efbc249b2f5daf32d943decab771215f') in 0.010251 seconds 
========================================================================
Received Import Request.
  Time since last request: 0.000026 seconds.
  path: Assets/Tiles/Basic_Tiles/newHeroTileSet_87.asset
  artifactKey: Guid(366939a84dfd84748b0ad06b9d19af54) Importer(815301076,1909f56bfc062723c751e8b465ee728b)
Start importing Assets/Tiles/Basic_Tiles/newHeroTileSet_87.asset using Guid(366939a84dfd84748b0ad06b9d19af54) Importer(815301076,1909f56bfc062723c751e8b465ee728b)  -> (artifact id: '2323e9598fb9cdb52be854d9e869834a') in 0.011539 seconds 
========================================================================
Received Import Request.
  Time since last request: 0.000030 seconds.
  path: Assets/Tiles/Basic_Tiles/newHeroTileSet_88.asset
  artifactKey: Guid(c09d0df77cb5879459ec605e589c68f8) Importer(815301076,1909f56bfc062723c751e8b465ee728b)
Start importing Assets/Tiles/Basic_Tiles/newHeroTileSet_88.asset using Guid(c09d0df77cb5879459ec605e589c68f8) Importer(815301076,1909f56bfc062723c751e8b465ee728b)  -> (artifact id: '52e8582dd3ff4d5a2eec1e1ffb88c296') in 0.010746 seconds 
========================================================================
Received Import Request.
  Time since last request: 0.000025 seconds.
  path: Assets/Tiles/Basic_Tiles/newHeroTileSet_81.asset
  artifactKey: Guid(a8907142ba78f074c8a4c3190b005cd0) Importer(815301076,1909f56bfc062723c751e8b465ee728b)
Start importing Assets/Tiles/Basic_Tiles/newHeroTileSet_81.asset using Guid(a8907142ba78f074c8a4c3190b005cd0) Importer(815301076,1909f56bfc062723c751e8b465ee728b)  -> (artifact id: 'b52c2d3b1ecf92fa5e462e20a0e1d1d8') in 0.009464 seconds 
========================================================================
Received Import Request.
  Time since last request: 0.000025 seconds.
  path: Assets/Tiles/Basic_Tiles/newHeroTileSet_80.asset
  artifactKey: Guid(25936e7bb071ff646a45f9c603a43975) Importer(815301076,1909f56bfc062723c751e8b465ee728b)
Start importing Assets/Tiles/Basic_Tiles/newHeroTileSet_80.asset using Guid(25936e7bb071ff646a45f9c603a43975) Importer(815301076,1909f56bfc062723c751e8b465ee728b)  -> (artifact id: '4129e16281f0da3faf4e37c28bdfb9a8') in 0.010491 seconds 
========================================================================
Received Import Request.
  Time since last request: 0.000019 seconds.
  path: Assets/Tiles/Basic_Tiles/newHeroTileSet_76.asset
  artifactKey: Guid(6ec67db9c17fa79408390bf806eaa886) Importer(815301076,1909f56bfc062723c751e8b465ee728b)
Start importing Assets/Tiles/Basic_Tiles/newHeroTileSet_76.asset using Guid(6ec67db9c17fa79408390bf806eaa886) Importer(815301076,1909f56bfc062723c751e8b465ee728b)  -> (artifact id: '408187a2594e0d5bbdb99ac54be037bd') in 0.009376 seconds 
========================================================================
Received Import Request.
  Time since last request: 0.000025 seconds.
  path: Assets/Tiles/Basic_Tiles/newHeroTileSet_78.asset
  artifactKey: Guid(5a7e38ef268bf164bae8ecf01a92a36d) Importer(815301076,1909f56bfc062723c751e8b465ee728b)
Start importing Assets/Tiles/Basic_Tiles/newHeroTileSet_78.asset using Guid(5a7e38ef268bf164bae8ecf01a92a36d) Importer(815301076,1909f56bfc062723c751e8b465ee728b)  -> (artifact id: 'b57bd20589eba518403d4ed81695e4e0') in 0.009581 seconds 
========================================================================
Received Import Request.
  Time since last request: 0.008222 seconds.
  path: Assets/Tiles/Basic_Tiles/newHeroTileSet_74.asset
  artifactKey: Guid(cffa2b8b8551f0e44ba585fb07eb80af) Importer(815301076,1909f56bfc062723c751e8b465ee728b)
Start importing Assets/Tiles/Basic_Tiles/newHeroTileSet_74.asset using Guid(cffa2b8b8551f0e44ba585fb07eb80af) Importer(815301076,1909f56bfc062723c751e8b465ee728b)  -> (artifact id: 'f1fb9c1c0a4658ccc63b99ba7badedfd') in 0.009282 seconds 
========================================================================
Received Import Request.
  Time since last request: 0.000026 seconds.
  path: Assets/Tiles/Basic_Tiles/newHeroTileSet_75.asset
  artifactKey: Guid(320aab94f901b25488936a9034ec609f) Importer(815301076,1909f56bfc062723c751e8b465ee728b)
Start importing Assets/Tiles/Basic_Tiles/newHeroTileSet_75.asset using Guid(320aab94f901b25488936a9034ec609f) Importer(815301076,1909f56bfc062723c751e8b465ee728b)  -> (artifact id: '6414d7120ed4b292e4a663041c4153cc') in 0.009295 seconds 
========================================================================
Received Import Request.
  Time since last request: 0.000031 seconds.
  path: Assets/Tiles/Basic_Tiles/newHeroTileSet_66.asset
  artifactKey: Guid(6262cf8983a3b7547a10a955875d15f5) Importer(815301076,1909f56bfc062723c751e8b465ee728b)
Start importing Assets/Tiles/Basic_Tiles/newHeroTileSet_66.asset using Guid(6262cf8983a3b7547a10a955875d15f5) Importer(815301076,1909f56bfc062723c751e8b465ee728b)  -> (artifact id: '6307cb78e9518e9c6948a03108b126c1') in 0.009259 seconds 
========================================================================
Received Import Request.
  Time since last request: 0.006909 seconds.
  path: Assets/Tiles/Basic_Tiles/newHeroTileSet_58.asset
  artifactKey: Guid(d0bc529d4ba352a4d88b074fb667a84c) Importer(815301076,1909f56bfc062723c751e8b465ee728b)
Start importing Assets/Tiles/Basic_Tiles/newHeroTileSet_58.asset using Guid(d0bc529d4ba352a4d88b074fb667a84c) Importer(815301076,1909f56bfc062723c751e8b465ee728b)  -> (artifact id: '7c9cbc9c61c064a44319e708bd5f391c') in 0.009647 seconds 
========================================================================
Received Import Request.
  Time since last request: 0.000023 seconds.
  path: Assets/Tiles/Basic_Tiles/newHeroTileSet_60.asset
  artifactKey: Guid(da73bb517b3be0b4db89f306d81e67b3) Importer(815301076,1909f56bfc062723c751e8b465ee728b)
Start importing Assets/Tiles/Basic_Tiles/newHeroTileSet_60.asset using Guid(da73bb517b3be0b4db89f306d81e67b3) Importer(815301076,1909f56bfc062723c751e8b465ee728b)  -> (artifact id: '6d9ea9069a4974a322b50845e78a8cf7') in 0.009311 seconds 
========================================================================
Received Import Request.
  Time since last request: 0.000022 seconds.
  path: Assets/Tiles/Basic_Tiles/newHeroTileSet_56.asset
  artifactKey: Guid(9d0823af68309a647ba4fd0c6420a577) Importer(815301076,1909f56bfc062723c751e8b465ee728b)
Start importing Assets/Tiles/Basic_Tiles/newHeroTileSet_56.asset using Guid(9d0823af68309a647ba4fd0c6420a577) Importer(815301076,1909f56bfc062723c751e8b465ee728b)  -> (artifact id: 'da975ca196fcc6586bd6cb73e9385359') in 0.010135 seconds 
========================================================================
Received Import Request.
  Time since last request: 0.034783 seconds.
  path: Assets/Tiles/Basic_Tiles/newHeroTileSet_54.asset
  artifactKey: Guid(5ba446012aee5684793efe18231d5eee) Importer(815301076,1909f56bfc062723c751e8b465ee728b)
Start importing Assets/Tiles/Basic_Tiles/newHeroTileSet_54.asset using Guid(5ba446012aee5684793efe18231d5eee) Importer(815301076,1909f56bfc062723c751e8b465ee728b)  -> (artifact id: '1f79b9b2db9b15e3cd1e6d4698622f0a') in 0.010358 seconds 
========================================================================
Received Import Request.
  Time since last request: 0.008446 seconds.
  path: Assets/Tiles/Basic_Tiles/newHeroTileSet_55.asset
  artifactKey: Guid(d3baeff64bc2aac4dbffb9c477b087b3) Importer(815301076,1909f56bfc062723c751e8b465ee728b)
Start importing Assets/Tiles/Basic_Tiles/newHeroTileSet_55.asset using Guid(d3baeff64bc2aac4dbffb9c477b087b3) Importer(815301076,1909f56bfc062723c751e8b465ee728b)  -> (artifact id: '85d65f3c41c128156786183cd9b89968') in 0.010510 seconds 
========================================================================
Received Import Request.
  Time since last request: 0.000021 seconds.
  path: Assets/Tiles/Basic_Tiles/newHeroTileSet_49.asset
  artifactKey: Guid(4804a64ffcfa1d2449343e71245002f6) Importer(815301076,1909f56bfc062723c751e8b465ee728b)
Start importing Assets/Tiles/Basic_Tiles/newHeroTileSet_49.asset using Guid(4804a64ffcfa1d2449343e71245002f6) Importer(815301076,1909f56bfc062723c751e8b465ee728b)  -> (artifact id: 'af90126226788dbf201b2d23532efd87') in 0.023982 seconds 
========================================================================
Received Import Request.
  Time since last request: 0.000026 seconds.
  path: Assets/Tiles/Basic_Tiles/newHeroTileSet_44.asset
  artifactKey: Guid(3f6e4c785224e6b478305013d3f16926) Importer(815301076,1909f56bfc062723c751e8b465ee728b)
Start importing Assets/Tiles/Basic_Tiles/newHeroTileSet_44.asset using Guid(3f6e4c785224e6b478305013d3f16926) Importer(815301076,1909f56bfc062723c751e8b465ee728b)  -> (artifact id: 'f4d85ccaf1e764289618b188128c2144') in 0.009505 seconds 
========================================================================
Received Import Request.
  Time since last request: 0.000032 seconds.
  path: Assets/Tiles/Basic_Tiles/newHeroTileSet_43.asset
  artifactKey: Guid(8de26b7b8e6bdea41bda2f08da3ce23b) Importer(815301076,1909f56bfc062723c751e8b465ee728b)
Start importing Assets/Tiles/Basic_Tiles/newHeroTileSet_43.asset using Guid(8de26b7b8e6bdea41bda2f08da3ce23b) Importer(815301076,1909f56bfc062723c751e8b465ee728b)  -> (artifact id: 'fff66686739b853d07c0d77ea66a0251') in 0.009746 seconds 
========================================================================
Received Import Request.
  Time since last request: 0.000024 seconds.
  path: Assets/Tiles/Basic_Tiles/newHeroTileSet_39.asset
  artifactKey: Guid(7d83add448feb9d42bf653f4049440b3) Importer(815301076,1909f56bfc062723c751e8b465ee728b)
Start importing Assets/Tiles/Basic_Tiles/newHeroTileSet_39.asset using Guid(7d83add448feb9d42bf653f4049440b3) Importer(815301076,1909f56bfc062723c751e8b465ee728b)  -> (artifact id: '7070b275e4cff18f39a2dcdf6944334e') in 0.010162 seconds 
========================================================================
Received Import Request.
  Time since last request: 0.000038 seconds.
  path: Assets/Tiles/Basic_Tiles/newHeroTileSet_31.asset
  artifactKey: Guid(caa92f523cbadfd4f88746607d8c180e) Importer(815301076,1909f56bfc062723c751e8b465ee728b)
Start importing Assets/Tiles/Basic_Tiles/newHeroTileSet_31.asset using Guid(caa92f523cbadfd4f88746607d8c180e) Importer(815301076,1909f56bfc062723c751e8b465ee728b)  -> (artifact id: '82fd12a5d75b594760f51aa41db4f173') in 0.010870 seconds 
========================================================================
Received Import Request.
  Time since last request: 0.000023 seconds.
  path: Assets/Tiles/Basic_Tiles/newHeroTileSet_33.asset
  artifactKey: Guid(8db3a679a556b0642b58983fde51a993) Importer(815301076,1909f56bfc062723c751e8b465ee728b)
Start importing Assets/Tiles/Basic_Tiles/newHeroTileSet_33.asset using Guid(8db3a679a556b0642b58983fde51a993) Importer(815301076,1909f56bfc062723c751e8b465ee728b)  -> (artifact id: '94314314875a531b09c8883c80024efb') in 0.010197 seconds 
========================================================================
Received Import Request.
  Time since last request: 0.000028 seconds.
  path: Assets/Tiles/Basic_Tiles/newHeroTileSet_30.asset
  artifactKey: Guid(34faa034616418e4db1049000932890d) Importer(815301076,1909f56bfc062723c751e8b465ee728b)
Start importing Assets/Tiles/Basic_Tiles/newHeroTileSet_30.asset using Guid(34faa034616418e4db1049000932890d) Importer(815301076,1909f56bfc062723c751e8b465ee728b)  -> (artifact id: 'bd06b6e2bd6f31b7d6cd0f232b39b9e9') in 0.009856 seconds 
========================================================================
Received Import Request.
  Time since last request: 0.005640 seconds.
  path: Assets/Tiles/Basic_Tiles/newHeroTileSet_28.asset
  artifactKey: Guid(f83f22d7c10eca24890569ccbfbaa037) Importer(815301076,1909f56bfc062723c751e8b465ee728b)
Start importing Assets/Tiles/Basic_Tiles/newHeroTileSet_28.asset using Guid(f83f22d7c10eca24890569ccbfbaa037) Importer(815301076,1909f56bfc062723c751e8b465ee728b)  -> (artifact id: 'c8d4dc95fba281a96aed937cbe147a80') in 0.010906 seconds 
========================================================================
Received Import Request.
  Time since last request: 0.000024 seconds.
  path: Assets/Tiles/Basic_Tiles/newHeroTileSet_29.asset
  artifactKey: Guid(3891b0f059c409840b7c3f07a5dd47c2) Importer(815301076,1909f56bfc062723c751e8b465ee728b)
Start importing Assets/Tiles/Basic_Tiles/newHeroTileSet_29.asset using Guid(3891b0f059c409840b7c3f07a5dd47c2) Importer(815301076,1909f56bfc062723c751e8b465ee728b)  -> (artifact id: '24300cf48cb7d9f08f969be7090816cd') in 0.009419 seconds 
========================================================================
Received Import Request.
  Time since last request: 0.000041 seconds.
  path: Assets/Tiles/Basic_Tiles/newHeroTileSet_20.asset
  artifactKey: Guid(ffea5716d42fc9a4eb940c0d455b500b) Importer(815301076,1909f56bfc062723c751e8b465ee728b)
Start importing Assets/Tiles/Basic_Tiles/newHeroTileSet_20.asset using Guid(ffea5716d42fc9a4eb940c0d455b500b) Importer(815301076,1909f56bfc062723c751e8b465ee728b)  -> (artifact id: 'a002cb41b8e91f32e3ba31677ae3be48') in 0.012344 seconds 
========================================================================
Received Import Request.
  Time since last request: 0.007113 seconds.
  path: Assets/Tiles/Basic_Tiles/newHeroTileSet_15.asset
  artifactKey: Guid(a0dd925f3d1e87e44a828969fb3cd64e) Importer(815301076,1909f56bfc062723c751e8b465ee728b)
Start importing Assets/Tiles/Basic_Tiles/newHeroTileSet_15.asset using Guid(a0dd925f3d1e87e44a828969fb3cd64e) Importer(815301076,1909f56bfc062723c751e8b465ee728b)  -> (artifact id: '4b3d4c9e222e2a6ba1c77a21ee5889d4') in 0.011769 seconds 
========================================================================
Received Import Request.
  Time since last request: 0.000042 seconds.
  path: Assets/Tiles/Basic_Tiles/newHeroTileSet_16.asset
  artifactKey: Guid(0144bad782339b14d90c1a7275f6a49a) Importer(815301076,1909f56bfc062723c751e8b465ee728b)
Start importing Assets/Tiles/Basic_Tiles/newHeroTileSet_16.asset using Guid(0144bad782339b14d90c1a7275f6a49a) Importer(815301076,1909f56bfc062723c751e8b465ee728b)  -> (artifact id: 'd6d24608f90255e305299e870d6e947f') in 0.009969 seconds 
========================================================================
Received Import Request.
  Time since last request: 0.000023 seconds.
  path: Assets/Tiles/Basic_Tiles/newHeroTileSet_14.asset
  artifactKey: Guid(f728af6fdeb74814aad9a90a0785d8d1) Importer(815301076,1909f56bfc062723c751e8b465ee728b)
Start importing Assets/Tiles/Basic_Tiles/newHeroTileSet_14.asset using Guid(f728af6fdeb74814aad9a90a0785d8d1) Importer(815301076,1909f56bfc062723c751e8b465ee728b)  -> (artifact id: '84d05cae79d96d9459f885a412deade2') in 0.012355 seconds 
========================================================================
Received Import Request.
  Time since last request: 0.037492 seconds.
  path: Assets/Tiles/Basic_Tiles/newHeroTileSet_10.asset
  artifactKey: Guid(fa6018e8fcfdd3147814640c6a7453c2) Importer(815301076,1909f56bfc062723c751e8b465ee728b)
Start importing Assets/Tiles/Basic_Tiles/newHeroTileSet_10.asset using Guid(fa6018e8fcfdd3147814640c6a7453c2) Importer(815301076,1909f56bfc062723c751e8b465ee728b)  -> (artifact id: '64ebf44c24e9d20a6c2b3021c9eb225b') in 0.009087 seconds 
========================================================================
Received Import Request.
  Time since last request: 0.000027 seconds.
  path: Assets/Tiles/Basic_Tiles/newHeroTileSet_11.asset
  artifactKey: Guid(b7dbb97bda666f94e9cb30e83b8d50d1) Importer(815301076,1909f56bfc062723c751e8b465ee728b)
Start importing Assets/Tiles/Basic_Tiles/newHeroTileSet_11.asset using Guid(b7dbb97bda666f94e9cb30e83b8d50d1) Importer(815301076,1909f56bfc062723c751e8b465ee728b)  -> (artifact id: 'cc7c92e345b7ad08c87dc3ef753439fa') in 0.010605 seconds 
========================================================================
Received Import Request.
  Time since last request: 0.000031 seconds.
  path: Assets/Tiles/Basic_Tiles/newHeroTileSet_7.asset
  artifactKey: Guid(6aa02e30847832d46b7ef0ea620d7168) Importer(815301076,1909f56bfc062723c751e8b465ee728b)
Start importing Assets/Tiles/Basic_Tiles/newHeroTileSet_7.asset using Guid(6aa02e30847832d46b7ef0ea620d7168) Importer(815301076,1909f56bfc062723c751e8b465ee728b)  -> (artifact id: 'a195ee4e5a538cd3e0545b54ba926fed') in 0.010068 seconds 
========================================================================
Received Import Request.
  Time since last request: 0.021713 seconds.
  path: Assets/Tiles/Basic_Tiles/newHeroTileSet_1.asset
  artifactKey: Guid(f36d14d114432e74ca647b226ee77492) Importer(815301076,1909f56bfc062723c751e8b465ee728b)
Start importing Assets/Tiles/Basic_Tiles/newHeroTileSet_1.asset using Guid(f36d14d114432e74ca647b226ee77492) Importer(815301076,1909f56bfc062723c751e8b465ee728b)  -> (artifact id: '738494a6a216ab01debad348032005bf') in 0.011128 seconds 
========================================================================
Received Import Request.
  Time since last request: 8.846039 seconds.
  path: Assets/Tiles/Basic_Tiles/newHeroTileSet_6.asset
  artifactKey: Guid(9f77c109dea74514493633bb57c8cbf7) Importer(815301076,1909f56bfc062723c751e8b465ee728b)
Start importing Assets/Tiles/Basic_Tiles/newHeroTileSet_6.asset using Guid(9f77c109dea74514493633bb57c8cbf7) Importer(815301076,1909f56bfc062723c751e8b465ee728b)  -> (artifact id: '0f0da886dead63181b6f7e22b280364f') in 0.009523 seconds 
========================================================================
Received Import Request.
  Time since last request: 1.314124 seconds.
  path: Assets/Tiles/Basic_Tiles/newHeroTileSet_24.asset
  artifactKey: Guid(57c79be43a2aa16409257b76bcf2bcfa) Importer(815301076,1909f56bfc062723c751e8b465ee728b)
Start importing Assets/Tiles/Basic_Tiles/newHeroTileSet_24.asset using Guid(57c79be43a2aa16409257b76bcf2bcfa) Importer(815301076,1909f56bfc062723c751e8b465ee728b)  -> (artifact id: '4a8607fa3d0fcc95d17071bc064913bb') in 0.044030 seconds 
========================================================================
Received Import Request.
  Time since last request: 0.142636 seconds.
  path: Assets/Tiles/Basic_Tiles/newHeroTileSet_70.asset
  artifactKey: Guid(d94fdfdbbab98fd4fa46460e1dd93c44) Importer(815301076,1909f56bfc062723c751e8b465ee728b)
Start importing Assets/Tiles/Basic_Tiles/newHeroTileSet_70.asset using Guid(d94fdfdbbab98fd4fa46460e1dd93c44) Importer(815301076,1909f56bfc062723c751e8b465ee728b)  -> (artifact id: '74557273d192ef9a072858ae5d8ecce3') in 0.012619 seconds 
========================================================================
Received Import Request.
  Time since last request: 0.042665 seconds.
  path: Assets/Tiles/Basic_Tiles/newHeroTileSet_91.asset
  artifactKey: Guid(4af75e8bebf857243a65ef611dfd7f3e) Importer(815301076,1909f56bfc062723c751e8b465ee728b)
Start importing Assets/Tiles/Basic_Tiles/newHeroTileSet_91.asset using Guid(4af75e8bebf857243a65ef611dfd7f3e) Importer(815301076,1909f56bfc062723c751e8b465ee728b)  -> (artifact id: 'a49a71fbaea1068bb6bdb06734786a83') in 0.011203 seconds 
========================================================================
Received Import Request.
  Time since last request: 0.466178 seconds.
  path: Assets/Tiles/Basic_Tiles/newHeroTileSet_123.asset
  artifactKey: Guid(5bcb3d84457d7644d9036fd7b1a29112) Importer(815301076,1909f56bfc062723c751e8b465ee728b)
Start importing Assets/Tiles/Basic_Tiles/newHeroTileSet_123.asset using Guid(5bcb3d84457d7644d9036fd7b1a29112) Importer(815301076,1909f56bfc062723c751e8b465ee728b)  -> (artifact id: '2e80f677573b94d3da27d33e1c414b2a') in 0.048049 seconds 
========================================================================
Received Import Request.
  Time since last request: 0.000026 seconds.
  path: Assets/Tiles/Basic_Tiles/newHeroTileSet_125.asset
  artifactKey: Guid(7f238159caae773478195006b9a92e03) Importer(815301076,1909f56bfc062723c751e8b465ee728b)
Start importing Assets/Tiles/Basic_Tiles/newHeroTileSet_125.asset using Guid(7f238159caae773478195006b9a92e03) Importer(815301076,1909f56bfc062723c751e8b465ee728b)  -> (artifact id: '545e38f432f69ad1f6a17a103195a5b1') in 0.011744 seconds 
========================================================================
Received Import Request.
  Time since last request: 0.000046 seconds.
  path: Assets/Tiles/Basic_Tiles/newHeroTileSet_127.asset
  artifactKey: Guid(4a2ca78218b2d984282def1ee7eb5ee9) Importer(815301076,1909f56bfc062723c751e8b465ee728b)
Start importing Assets/Tiles/Basic_Tiles/newHeroTileSet_127.asset using Guid(4a2ca78218b2d984282def1ee7eb5ee9) Importer(815301076,1909f56bfc062723c751e8b465ee728b)  -> (artifact id: '7da55142b68c6853ad9e06f0f573a1fe') in 0.032911 seconds 
========================================================================
Received Import Request.
  Time since last request: 0.000034 seconds.
  path: Assets/Tiles/Basic_Tiles/newHeroTileSet_155.asset
  artifactKey: Guid(738f82eff82788040b02c4c75a44db2e) Importer(815301076,1909f56bfc062723c751e8b465ee728b)
Start importing Assets/Tiles/Basic_Tiles/newHeroTileSet_155.asset using Guid(738f82eff82788040b02c4c75a44db2e) Importer(815301076,1909f56bfc062723c751e8b465ee728b)  -> (artifact id: '58fa4b66b8266785f5cd077e1d6dd169') in 0.010996 seconds 
========================================================================
Received Import Request.
  Time since last request: 0.000026 seconds.
  path: Assets/Tiles/Basic_Tiles/newHeroTileSet_139.asset
  artifactKey: Guid(7efa97186e53e954d98ea61e949ec7ad) Importer(815301076,1909f56bfc062723c751e8b465ee728b)
Start importing Assets/Tiles/Basic_Tiles/newHeroTileSet_139.asset using Guid(7efa97186e53e954d98ea61e949ec7ad) Importer(815301076,1909f56bfc062723c751e8b465ee728b)  -> (artifact id: 'e79e7fd512d40d0234c7ae23b08eddee') in 0.011553 seconds 
========================================================================
Received Import Request.
  Time since last request: 0.000026 seconds.
  path: Assets/Tiles/Basic_Tiles/newHeroTileSet_158.asset
  artifactKey: Guid(75e6652db8f75aa47b25a1fb2bdff9a0) Importer(815301076,1909f56bfc062723c751e8b465ee728b)
Start importing Assets/Tiles/Basic_Tiles/newHeroTileSet_158.asset using Guid(75e6652db8f75aa47b25a1fb2bdff9a0) Importer(815301076,1909f56bfc062723c751e8b465ee728b)  -> (artifact id: 'f8c93150fa93aef318fdb86cedba7ae4') in 0.011734 seconds 
========================================================================
Received Import Request.
  Time since last request: 0.003849 seconds.
  path: Assets/Tiles/Basic_Tiles/newHeroTileSet_169.asset
  artifactKey: Guid(aac131480894cae43bce8051674bd348) Importer(815301076,1909f56bfc062723c751e8b465ee728b)
Start importing Assets/Tiles/Basic_Tiles/newHeroTileSet_169.asset using Guid(aac131480894cae43bce8051674bd348) Importer(815301076,1909f56bfc062723c751e8b465ee728b)  -> (artifact id: '3bac94fbb9e6db86ea8d29164f66d9bd') in 0.011541 seconds 
========================================================================
Received Import Request.
  Time since last request: 0.011622 seconds.
  path: Assets/Tiles/Basic_Tiles/newHeroTileSet_198.asset
  artifactKey: Guid(c3340b44501cf364dbf0d00fb8c3c88c) Importer(815301076,1909f56bfc062723c751e8b465ee728b)
Start importing Assets/Tiles/Basic_Tiles/newHeroTileSet_198.asset using Guid(c3340b44501cf364dbf0d00fb8c3c88c) Importer(815301076,1909f56bfc062723c751e8b465ee728b)  -> (artifact id: 'cc855ea36dcc312189cbb918d11b140b') in 0.009629 seconds 
========================================================================
Received Import Request.
  Time since last request: 0.011071 seconds.
  path: Assets/Tiles/Basic_Tiles/newHeroTileSet_207.asset
  artifactKey: Guid(f5eeacc4238a82746aff10b5b0a43141) Importer(815301076,1909f56bfc062723c751e8b465ee728b)
Start importing Assets/Tiles/Basic_Tiles/newHeroTileSet_207.asset using Guid(f5eeacc4238a82746aff10b5b0a43141) Importer(815301076,1909f56bfc062723c751e8b465ee728b)  -> (artifact id: '9d138a478e14c023fdf3ca99c55d30e6') in 0.011232 seconds 
========================================================================
Received Import Request.
  Time since last request: 0.404203 seconds.
  path: Assets/Tiles/Basic_Tiles/newHeroTileSet_213.asset
  artifactKey: Guid(8d131b6705e1ba843893d818d70c8364) Importer(815301076,1909f56bfc062723c751e8b465ee728b)
Start importing Assets/Tiles/Basic_Tiles/newHeroTileSet_213.asset using Guid(8d131b6705e1ba843893d818d70c8364) Importer(815301076,1909f56bfc062723c751e8b465ee728b)  -> (artifact id: 'f9006ed08d6352a4101c68a0e23300c6') in 0.031643 seconds 
========================================================================
Received Import Request.
  Time since last request: 0.000027 seconds.
  path: Assets/Tiles/Basic_Tiles/newHeroTileSet_223.asset
  artifactKey: Guid(9d31ef5208487ee4cbab76bb454a672e) Importer(815301076,1909f56bfc062723c751e8b465ee728b)
Start importing Assets/Tiles/Basic_Tiles/newHeroTileSet_223.asset using Guid(9d31ef5208487ee4cbab76bb454a672e) Importer(815301076,1909f56bfc062723c751e8b465ee728b)  -> (artifact id: 'd1829b242c6b51276d0f04ace0db30bc') in 0.010684 seconds 
========================================================================
Received Import Request.
  Time since last request: 0.000029 seconds.
  path: Assets/Tiles/Basic_Tiles/newHeroTileSet_225.asset
  artifactKey: Guid(cc756f383ed912a4da48dd8402c2eae2) Importer(815301076,1909f56bfc062723c751e8b465ee728b)
Start importing Assets/Tiles/Basic_Tiles/newHeroTileSet_225.asset using Guid(cc756f383ed912a4da48dd8402c2eae2) Importer(815301076,1909f56bfc062723c751e8b465ee728b)  -> (artifact id: '7d99cb4af7ddce5e7bddf87c7ba1ac2b') in 0.010268 seconds 
========================================================================
Received Import Request.
  Time since last request: 0.000023 seconds.
  path: Assets/Tiles/Basic_Tiles/newHeroTileSet_231.asset
  artifactKey: Guid(1c64579821339884194843cb9816b8d6) Importer(815301076,1909f56bfc062723c751e8b465ee728b)
Start importing Assets/Tiles/Basic_Tiles/newHeroTileSet_231.asset using Guid(1c64579821339884194843cb9816b8d6) Importer(815301076,1909f56bfc062723c751e8b465ee728b)  -> (artifact id: 'fae04f39471edd66bab9b871c731a99e') in 0.010248 seconds 
========================================================================
Received Import Request.
  Time since last request: 8.166251 seconds.
  path: Assets/Tiles/Basic_Tiles/newHeroTileSet_201.asset
  artifactKey: Guid(8e64071f5ab95c14f9e9d19e93ce70f6) Importer(815301076,1909f56bfc062723c751e8b465ee728b)
Start importing Assets/Tiles/Basic_Tiles/newHeroTileSet_201.asset using Guid(8e64071f5ab95c14f9e9d19e93ce70f6) Importer(815301076,1909f56bfc062723c751e8b465ee728b)  -> (artifact id: '6f822ce92265f576910e15aa6451ec91') in 0.026583 seconds 
========================================================================
Received Import Request.
  Time since last request: 0.000032 seconds.
  path: Assets/Tiles/Basic_Tiles/newHeroTileSet_188.asset
  artifactKey: Guid(bafef67ed927dce48a69a97e810fae33) Importer(815301076,1909f56bfc062723c751e8b465ee728b)
Start importing Assets/Tiles/Basic_Tiles/newHeroTileSet_188.asset using Guid(bafef67ed927dce48a69a97e810fae33) Importer(815301076,1909f56bfc062723c751e8b465ee728b)  -> (artifact id: 'bf68d09d64bf408c9fc519251d623c17') in 0.011970 seconds 
========================================================================
Received Import Request.
  Time since last request: 0.000022 seconds.
  path: Assets/Tiles/Basic_Tiles/newHeroTileSet_186.asset
  artifactKey: Guid(2a717542e0c50d0429344dc37c559f47) Importer(815301076,1909f56bfc062723c751e8b465ee728b)
Start importing Assets/Tiles/Basic_Tiles/newHeroTileSet_186.asset using Guid(2a717542e0c50d0429344dc37c559f47) Importer(815301076,1909f56bfc062723c751e8b465ee728b)  -> (artifact id: '0f73adb3f38484e43e166756081e3771') in 0.011802 seconds 
========================================================================
Received Prepare
Registering precompiled user dll's ...
Registered in 0.011212 seconds.
Begin MonoManager ReloadAssembly
Symbol file LoadedFromMemory doesn't match image C:\Programowanie\New_Hero\New Hero\Library\PackageCache\com.unity.visualscripting@1.7.8\Editor\VisualScripting.Core\Dependencies\YamlDotNet\Unity.VisualScripting.YamlDotNet.dll
Symbol file LoadedFromMemory doesn't match image C:\Programowanie\New_Hero\New Hero\Library\PackageCache\com.unity.visualscripting@1.7.8\Editor\VisualScripting.Core\Dependencies\DotNetZip\Unity.VisualScripting.IonicZip.dll
Native extension for WindowsStandalone target not found
Refreshing native plugins compatible for Editor in 0.84 ms, found 4 plugins.
Preloading 0 native plugins for Editor in 0.00 ms.
Mono: successfully reloaded assembly
- Completed reload, in  1.146 seconds
Domain Reload Profiling:
	ReloadAssembly (1147ms)
		BeginReloadAssembly (132ms)
			ExecutionOrderSort (0ms)
			DisableScriptedObjects (6ms)
			BackupInstance (0ms)
			ReleaseScriptingObjects (0ms)
			CreateAndSetChildDomain (37ms)
		EndReloadAssembly (920ms)
			LoadAssemblies (101ms)
			RebuildTransferFunctionScriptingTraits (0ms)
			SetupTypeCache (261ms)
			ReleaseScriptCaches (2ms)
			RebuildScriptCaches (53ms)
			SetupLoadedEditorAssemblies (444ms)
				LogAssemblyErrors (0ms)
				InitializePlatformSupportModulesInManaged (14ms)
				SetLoadedEditorAssemblies (1ms)
				RefreshPlugins (1ms)
				BeforeProcessingInitializeOnLoad (86ms)
				ProcessInitializeOnLoadAttributes (289ms)
				ProcessInitializeOnLoadMethodAttributes (43ms)
				AfterProcessingInitializeOnLoad (10ms)
				EditorAssembliesLoaded (0ms)
			ExecutionOrderSort2 (0ms)
			AwakeInstancesAfterBackupRestoration (10ms)
Platform modules already initialized, skipping
Refreshing native plugins compatible for Editor in 3.94 ms, found 4 plugins.
Preloading 0 native plugins for Editor in 0.00 ms.
Unloading 4225 Unused Serialized files (Serialized files now loaded: 0)
Unloading 32 unused Assets / (261.4 KB). Loaded Objects now: 4699.
Memory consumption went from 157.6 MB to 157.3 MB.
Total: 3.566400 ms (FindLiveObjects: 0.365000 ms CreateObjectMapping: 0.117900 ms MarkObjects: 2.916100 ms  DeleteObjects: 0.166200 ms)

AssetImportParameters requested are different than current active one (requested -> active):
  custom:video-decoder-ogg-theora: a1e56fd34408186e4bbccfd4996cb3dc -> 
  custom:container-muxer-webm: aa71ff27fc2769a1b78a27578f13a17b -> 
  custom:container-demuxer-webm: 4f35f7cbe854078d1ac9338744f61a02 -> 
  custom:video-encoder-webm-vp8: eb34c28f22e8b96e1ab97ce403110664 -> 
  custom:audio-encoder-webm-vorbis: bf7c407c2cedff20999df2af8eb42d56 -> 
  custom:framework-win-MediaFoundation: 216162199b28c13a410421893ffa2e32 -> 
  custom:container-demuxer-ogg: 62fdf1f143b41e24485cea50d1cbac27 -> 
  custom:video-decoder-webm-vp8: 9c59270c3fd7afecdb556c50c9e8de78 -> 
  custom:audio-decoder-ogg-vorbis: bf7c407c2cedff20999df2af8eb42d56 -> 
Editor requested this worker to shutdown with reason: Scaling down because of idle timeout
AssetImportWorker is now disconnected from the server
Process exiting
Exiting without the bug reporter. Application will terminate with return code 0