Using pre-set license
Built from '2021.3/staging' branch; Version is '2021.3.9f1 (ad3870b89536) revision 11352176'; Using compiler version '192829333'; Build Type 'Release'
OS: 'Windows 11  (10.0.22621) 64bit Core' Language: 'pl' Physical Memory: 32637 MB
BatchMode: 1, IsHumanControllingUs: 0, StartBugReporterOnCrash: 0, Is64bit: 1, IsPro: 1

COMMAND LINE ARGUMENTS:
C:\Program Files\Unity\Hub\Editor\2021.3.9f1\Editor\Unity.exe
-adb2
-batchMode
-noUpm
-name
AssetImportWorker3
-projectPath
C:/Programowanie/New_Hero/New Hero
-logFile
Logs/AssetImportWorker3.log
-srvPort
51527
Successfully changed project path to: C:/Programowanie/New_Hero/New Hero
C:/Programowanie/New_Hero/New Hero
[UnityMemory] Configuration Parameters - Can be set up in boot.config
    "memorysetup-bucket-allocator-granularity=16"
    "memorysetup-bucket-allocator-bucket-count=8"
    "memorysetup-bucket-allocator-block-size=33554432"
    "memorysetup-bucket-allocator-block-count=8"
    "memorysetup-main-allocator-block-size=16777216"
    "memorysetup-thread-allocator-block-size=16777216"
    "memorysetup-gfx-main-allocator-block-size=16777216"
    "memorysetup-gfx-thread-allocator-block-size=16777216"
    "memorysetup-cache-allocator-block-size=4194304"
    "memorysetup-typetree-allocator-block-size=2097152"
    "memorysetup-profiler-bucket-allocator-granularity=16"
    "memorysetup-profiler-bucket-allocator-bucket-count=8"
    "memorysetup-profiler-bucket-allocator-block-size=33554432"
    "memorysetup-profiler-bucket-allocator-block-count=8"
    "memorysetup-profiler-allocator-block-size=16777216"
    "memorysetup-profiler-editor-allocator-block-size=1048576"
    "memorysetup-temp-allocator-size-main=16777216"
    "memorysetup-job-temp-allocator-block-size=2097152"
    "memorysetup-job-temp-allocator-block-size-background=1048576"
    "memorysetup-job-temp-allocator-reduction-small-platforms=262144"
    "memorysetup-temp-allocator-size-background-worker=32768"
    "memorysetup-temp-allocator-size-job-worker=262144"
    "memorysetup-temp-allocator-size-preload-manager=33554432"
    "memorysetup-temp-allocator-size-nav-mesh-worker=65536"
    "memorysetup-temp-allocator-size-audio-worker=65536"
    "memorysetup-temp-allocator-size-cloud-worker=32768"
    "memorysetup-temp-allocator-size-gi-baking-worker=262144"
    "memorysetup-temp-allocator-size-gfx=262144"
Refreshing native plugins compatible for Editor in 112.07 ms, found 4 plugins.
Preloading 0 native plugins for Editor in 0.00 ms.
Initialize engine version: 2021.3.9f1 (ad3870b89536)
[Subsystems] Discovering subsystems at path C:/Program Files/Unity/Hub/Editor/2021.3.9f1/Editor/Data/Resources/UnitySubsystems
[Subsystems] Discovering subsystems at path C:/Programowanie/New_Hero/New Hero/Assets
GfxDevice: creating device client; threaded=0; jobified=0
Direct3D:
    Version:  Direct3D 11.0 [level 11.1]
    Renderer: NVIDIA GeForce GTX 1650 Ti (ID=0x1f95)
    Vendor:   NVIDIA
    VRAM:     3962 MB
    Driver:   27.21.14.5749
Initialize mono
Mono path[0] = 'C:/Program Files/Unity/Hub/Editor/2021.3.9f1/Editor/Data/Managed'
Mono path[1] = 'C:/Program Files/Unity/Hub/Editor/2021.3.9f1/Editor/Data/MonoBleedingEdge/lib/mono/unityjit-win32'
Mono config path = 'C:/Program Files/Unity/Hub/Editor/2021.3.9f1/Editor/Data/MonoBleedingEdge/etc'
Using monoOptions --debugger-agent=transport=dt_socket,embedding=1,server=y,suspend=n,address=127.0.0.1:56636
Begin MonoManager ReloadAssembly
Registering precompiled unity dll's ...
Register platform support module: C:/Program Files/Unity/Hub/Editor/2021.3.9f1/Editor/Data/PlaybackEngines/WindowsStandaloneSupport/UnityEditor.WindowsStandalone.Extensions.dll
Registered in 0.006582 seconds.
Native extension for WindowsStandalone target not found
Refreshing native plugins compatible for Editor in 95.86 ms, found 4 plugins.
Preloading 0 native plugins for Editor in 0.00 ms.
Mono: successfully reloaded assembly
- Completed reload, in  0.724 seconds
Domain Reload Profiling:
	ReloadAssembly (725ms)
		BeginReloadAssembly (95ms)
			ExecutionOrderSort (0ms)
			DisableScriptedObjects (0ms)
			BackupInstance (0ms)
			ReleaseScriptingObjects (0ms)
			CreateAndSetChildDomain (1ms)
		EndReloadAssembly (513ms)
			LoadAssemblies (92ms)
			RebuildTransferFunctionScriptingTraits (0ms)
			SetupTypeCache (114ms)
			ReleaseScriptCaches (0ms)
			RebuildScriptCaches (29ms)
			SetupLoadedEditorAssemblies (316ms)
				LogAssemblyErrors (0ms)
				InitializePlatformSupportModulesInManaged (8ms)
				SetLoadedEditorAssemblies (0ms)
				RefreshPlugins (96ms)
				BeforeProcessingInitializeOnLoad (1ms)
				ProcessInitializeOnLoadAttributes (156ms)
				ProcessInitializeOnLoadMethodAttributes (54ms)
				AfterProcessingInitializeOnLoad (0ms)
				EditorAssembliesLoaded (0ms)
			ExecutionOrderSort2 (0ms)
			AwakeInstancesAfterBackupRestoration (0ms)
Platform modules already initialized, skipping
Registering precompiled user dll's ...
Registered in 0.011309 seconds.
Begin MonoManager ReloadAssembly
Symbol file LoadedFromMemory doesn't match image C:\Programowanie\New_Hero\New Hero\Library\PackageCache\com.unity.visualscripting@1.7.8\Editor\VisualScripting.Core\Dependencies\YamlDotNet\Unity.VisualScripting.YamlDotNet.dll
Symbol file LoadedFromMemory doesn't match image C:\Programowanie\New_Hero\New Hero\Library\PackageCache\com.unity.visualscripting@1.7.8\Editor\VisualScripting.Core\Dependencies\DotNetZip\Unity.VisualScripting.IonicZip.dll
Native extension for WindowsStandalone target not found
Refreshing native plugins compatible for Editor in 97.46 ms, found 4 plugins.
Preloading 0 native plugins for Editor in 0.00 ms.
Mono: successfully reloaded assembly
- Completed reload, in  1.318 seconds
Domain Reload Profiling:
	ReloadAssembly (1319ms)
		BeginReloadAssembly (120ms)
			ExecutionOrderSort (0ms)
			DisableScriptedObjects (6ms)
			BackupInstance (0ms)
			ReleaseScriptingObjects (0ms)
			CreateAndSetChildDomain (21ms)
		EndReloadAssembly (1071ms)
			LoadAssemblies (115ms)
			RebuildTransferFunctionScriptingTraits (0ms)
			SetupTypeCache (277ms)
			ReleaseScriptCaches (1ms)
			RebuildScriptCaches (67ms)
			SetupLoadedEditorAssemblies (562ms)
				LogAssemblyErrors (0ms)
				InitializePlatformSupportModulesInManaged (5ms)
				SetLoadedEditorAssemblies (0ms)
				RefreshPlugins (98ms)
				BeforeProcessingInitializeOnLoad (97ms)
				ProcessInitializeOnLoadAttributes (306ms)
				ProcessInitializeOnLoadMethodAttributes (48ms)
				AfterProcessingInitializeOnLoad (8ms)
				EditorAssembliesLoaded (0ms)
			ExecutionOrderSort2 (0ms)
			AwakeInstancesAfterBackupRestoration (6ms)
Platform modules already initialized, skipping
========================================================================
Worker process is ready to serve import requests
Launched and connected shader compiler UnityShaderCompiler.exe after 0.05 seconds
Refreshing native plugins compatible for Editor in 0.77 ms, found 4 plugins.
Preloading 0 native plugins for Editor in 0.00 ms.
Unloading 4230 Unused Serialized files (Serialized files now loaded: 0)
Unloading 57 unused Assets / (294.2 KB). Loaded Objects now: 4679.
Memory consumption went from 157.6 MB to 157.3 MB.
Total: 4.948200 ms (FindLiveObjects: 0.664500 ms CreateObjectMapping: 0.516100 ms MarkObjects: 3.562400 ms  DeleteObjects: 0.203300 ms)

AssetImportParameters requested are different than current active one (requested -> active):
  custom:video-decoder-ogg-theora: a1e56fd34408186e4bbccfd4996cb3dc -> 
  custom:container-muxer-webm: aa71ff27fc2769a1b78a27578f13a17b -> 
  custom:container-demuxer-webm: 4f35f7cbe854078d1ac9338744f61a02 -> 
  custom:video-encoder-webm-vp8: eb34c28f22e8b96e1ab97ce403110664 -> 
  custom:audio-encoder-webm-vorbis: bf7c407c2cedff20999df2af8eb42d56 -> 
  custom:framework-win-MediaFoundation: 216162199b28c13a410421893ffa2e32 -> 
  custom:container-demuxer-ogg: 62fdf1f143b41e24485cea50d1cbac27 -> 
  custom:video-decoder-webm-vp8: 9c59270c3fd7afecdb556c50c9e8de78 -> 
  custom:audio-decoder-ogg-vorbis: bf7c407c2cedff20999df2af8eb42d56 -> 
========================================================================
Received Import Request.
  Time since last request: 228646.195295 seconds.
  path: Assets/Tiles/Basic_Tiles/newHeroTileSet_35.asset
  artifactKey: Guid(2c6983f18d4a2a14b9ae7f7d3e7984db) Importer(815301076,1909f56bfc062723c751e8b465ee728b)
Start importing Assets/Tiles/Basic_Tiles/newHeroTileSet_35.asset using Guid(2c6983f18d4a2a14b9ae7f7d3e7984db) Importer(815301076,1909f56bfc062723c751e8b465ee728b)  -> (artifact id: '9454f11cb4a676cfffe63e9ab40ed6e1') in 0.065190 seconds 
========================================================================
Received Import Request.
  Time since last request: 0.106182 seconds.
  path: Assets/Tiles/Basic_Tiles/newHeroTileSet_71.asset
  artifactKey: Guid(7b9e22a37d7d00f48a6c0c4538b91437) Importer(815301076,1909f56bfc062723c751e8b465ee728b)
Start importing Assets/Tiles/Basic_Tiles/newHeroTileSet_71.asset using Guid(7b9e22a37d7d00f48a6c0c4538b91437) Importer(815301076,1909f56bfc062723c751e8b465ee728b)  -> (artifact id: '2fcda9358c857486e4aee055a1f52132') in 0.011791 seconds 
========================================================================
Received Import Request.
  Time since last request: 0.043641 seconds.
  path: Assets/Tiles/Basic_Tiles/newHeroTileSet_92.asset
  artifactKey: Guid(d7e01ec629774304ebc7810a9ad99c49) Importer(815301076,1909f56bfc062723c751e8b465ee728b)
Start importing Assets/Tiles/Basic_Tiles/newHeroTileSet_92.asset using Guid(d7e01ec629774304ebc7810a9ad99c49) Importer(815301076,1909f56bfc062723c751e8b465ee728b)  -> (artifact id: '6cfec94e90f5b30105f332b677650bcb') in 0.012281 seconds 
========================================================================
Received Import Request.
  Time since last request: 0.473105 seconds.
  path: Assets/Tiles/Basic_Tiles/newHeroTileSet_124.asset
  artifactKey: Guid(24d78228fa20322498c6c43d731c45d3) Importer(815301076,1909f56bfc062723c751e8b465ee728b)
Start importing Assets/Tiles/Basic_Tiles/newHeroTileSet_124.asset using Guid(24d78228fa20322498c6c43d731c45d3) Importer(815301076,1909f56bfc062723c751e8b465ee728b)  -> (artifact id: '7aa293dca49575f5ee594129ad01bf92') in 0.041382 seconds 
========================================================================
Received Import Request.
  Time since last request: 0.000023 seconds.
  path: Assets/Tiles/Basic_Tiles/newHeroTileSet_133.asset
  artifactKey: Guid(048b9da6edd6bd745a1790371562de7d) Importer(815301076,1909f56bfc062723c751e8b465ee728b)
Start importing Assets/Tiles/Basic_Tiles/newHeroTileSet_133.asset using Guid(048b9da6edd6bd745a1790371562de7d) Importer(815301076,1909f56bfc062723c751e8b465ee728b)  -> (artifact id: '58d4edd637b8e46ef753c1136f8edfbe') in 0.011362 seconds 
========================================================================
Received Import Request.
  Time since last request: 0.000028 seconds.
  path: Assets/Tiles/Basic_Tiles/newHeroTileSet_130.asset
  artifactKey: Guid(9eb16269252930b4584c33a21f3e77ed) Importer(815301076,1909f56bfc062723c751e8b465ee728b)
Start importing Assets/Tiles/Basic_Tiles/newHeroTileSet_130.asset using Guid(9eb16269252930b4584c33a21f3e77ed) Importer(815301076,1909f56bfc062723c751e8b465ee728b)  -> (artifact id: '817c42c73064be8f826005800b61d95e') in 0.033920 seconds 
========================================================================
Received Import Request.
  Time since last request: 0.000026 seconds.
  path: Assets/Tiles/Basic_Tiles/newHeroTileSet_153.asset
  artifactKey: Guid(ffaf22bfc09eb494c831a7b6fa3ce7b2) Importer(815301076,1909f56bfc062723c751e8b465ee728b)
Start importing Assets/Tiles/Basic_Tiles/newHeroTileSet_153.asset using Guid(ffaf22bfc09eb494c831a7b6fa3ce7b2) Importer(815301076,1909f56bfc062723c751e8b465ee728b)  -> (artifact id: 'cf5ed73e6a6d22352d95c31021e04d45') in 0.010831 seconds 
========================================================================
Received Import Request.
  Time since last request: 0.000022 seconds.
  path: Assets/Tiles/Basic_Tiles/newHeroTileSet_140.asset
  artifactKey: Guid(dd9b81b86db12c043a83fec10b0ee95d) Importer(815301076,1909f56bfc062723c751e8b465ee728b)
Start importing Assets/Tiles/Basic_Tiles/newHeroTileSet_140.asset using Guid(dd9b81b86db12c043a83fec10b0ee95d) Importer(815301076,1909f56bfc062723c751e8b465ee728b)  -> (artifact id: '357d7c08064fb95bd67d994951d5b6d3') in 0.010471 seconds 
========================================================================
Received Import Request.
  Time since last request: 0.000029 seconds.
  path: Assets/Tiles/Basic_Tiles/newHeroTileSet_156.asset
  artifactKey: Guid(8414e2affaa716e499261413aaf3a5a0) Importer(815301076,1909f56bfc062723c751e8b465ee728b)
Start importing Assets/Tiles/Basic_Tiles/newHeroTileSet_156.asset using Guid(8414e2affaa716e499261413aaf3a5a0) Importer(815301076,1909f56bfc062723c751e8b465ee728b)  -> (artifact id: 'd94461533999a81907089f3bbb29fcc3') in 0.009568 seconds 
========================================================================
Received Import Request.
  Time since last request: 0.000024 seconds.
  path: Assets/Tiles/Basic_Tiles/newHeroTileSet_152.asset
  artifactKey: Guid(618e7b07c8c86124caec3ee8fdb21fcc) Importer(815301076,1909f56bfc062723c751e8b465ee728b)
Start importing Assets/Tiles/Basic_Tiles/newHeroTileSet_152.asset using Guid(618e7b07c8c86124caec3ee8fdb21fcc) Importer(815301076,1909f56bfc062723c751e8b465ee728b)  -> (artifact id: '13bc2f47116ad0e39b1a04a6739268b4') in 0.010039 seconds 
========================================================================
Received Import Request.
  Time since last request: 0.000024 seconds.
  path: Assets/Tiles/Basic_Tiles/newHeroTileSet_171.asset
  artifactKey: Guid(81d460e0f8d1b744a8c51332c09c4916) Importer(815301076,1909f56bfc062723c751e8b465ee728b)
Start importing Assets/Tiles/Basic_Tiles/newHeroTileSet_171.asset using Guid(81d460e0f8d1b744a8c51332c09c4916) Importer(815301076,1909f56bfc062723c751e8b465ee728b)  -> (artifact id: '7e3925cc423e8c644fd639cd166c6b3d') in 0.010884 seconds 
========================================================================
Received Import Request.
  Time since last request: 0.036475 seconds.
  path: Assets/Tiles/Basic_Tiles/newHeroTileSet_208.asset
  artifactKey: Guid(3297dee6c86910844bf58666d63a959a) Importer(815301076,1909f56bfc062723c751e8b465ee728b)
Start importing Assets/Tiles/Basic_Tiles/newHeroTileSet_208.asset using Guid(3297dee6c86910844bf58666d63a959a) Importer(815301076,1909f56bfc062723c751e8b465ee728b)  -> (artifact id: '256d1e0a4ad8f6f5910435f33c500c34') in 0.011715 seconds 
========================================================================
Received Import Request.
  Time since last request: 0.411563 seconds.
  path: Assets/Tiles/Basic_Tiles/newHeroTileSet_215.asset
  artifactKey: Guid(746cd23eb98c99c4a9d661cea1488782) Importer(815301076,1909f56bfc062723c751e8b465ee728b)
Start importing Assets/Tiles/Basic_Tiles/newHeroTileSet_215.asset using Guid(746cd23eb98c99c4a9d661cea1488782) Importer(815301076,1909f56bfc062723c751e8b465ee728b)  -> (artifact id: '950be907c5db35c2ebab342d2fba2057') in 0.024311 seconds 
========================================================================
Received Import Request.
  Time since last request: 0.000021 seconds.
  path: Assets/Tiles/Basic_Tiles/newHeroTileSet_224.asset
  artifactKey: Guid(9da65827a65af544888e4229b2099061) Importer(815301076,1909f56bfc062723c751e8b465ee728b)
Start importing Assets/Tiles/Basic_Tiles/newHeroTileSet_224.asset using Guid(9da65827a65af544888e4229b2099061) Importer(815301076,1909f56bfc062723c751e8b465ee728b)  -> (artifact id: '74f0896c00a4146c5d015cb4d37bad07') in 0.010588 seconds 
========================================================================
Received Import Request.
  Time since last request: 0.000037 seconds.
  path: Assets/Tiles/Basic_Tiles/newHeroTileSet_230.asset
  artifactKey: Guid(9c36bb93c1d11ea42ac94790e7270496) Importer(815301076,1909f56bfc062723c751e8b465ee728b)
Start importing Assets/Tiles/Basic_Tiles/newHeroTileSet_230.asset using Guid(9c36bb93c1d11ea42ac94790e7270496) Importer(815301076,1909f56bfc062723c751e8b465ee728b)  -> (artifact id: 'ddf5420f49a9c886120897dcc1b10e4d') in 0.013009 seconds 
========================================================================
Received Import Request.
  Time since last request: 0.000025 seconds.
  path: Assets/Tiles/Basic_Tiles/newHeroTileSet_222.asset
  artifactKey: Guid(5a1270b0a5af1c948b47d0284fce505f) Importer(815301076,1909f56bfc062723c751e8b465ee728b)
Start importing Assets/Tiles/Basic_Tiles/newHeroTileSet_222.asset using Guid(5a1270b0a5af1c948b47d0284fce505f) Importer(815301076,1909f56bfc062723c751e8b465ee728b)  -> (artifact id: 'bc9dba87bc4802f612fbeea2168b5c1c') in 0.011166 seconds 
========================================================================
Received Import Request.
  Time since last request: 8.164271 seconds.
  path: Assets/Tiles/Basic_Tiles/newHeroTileSet_202.asset
  artifactKey: Guid(92b6a3ffca4ff7a45865a89fae5e3417) Importer(815301076,1909f56bfc062723c751e8b465ee728b)
Start importing Assets/Tiles/Basic_Tiles/newHeroTileSet_202.asset using Guid(92b6a3ffca4ff7a45865a89fae5e3417) Importer(815301076,1909f56bfc062723c751e8b465ee728b)  -> (artifact id: 'f00c931d476a0844269d15870692bc6a') in 0.025595 seconds 
========================================================================
Received Import Request.
  Time since last request: 0.000025 seconds.
  path: Assets/Tiles/Basic_Tiles/newHeroTileSet_187.asset
  artifactKey: Guid(897ce24b33ec9dc41b6a3ff73c58d37e) Importer(815301076,1909f56bfc062723c751e8b465ee728b)
Start importing Assets/Tiles/Basic_Tiles/newHeroTileSet_187.asset using Guid(897ce24b33ec9dc41b6a3ff73c58d37e) Importer(815301076,1909f56bfc062723c751e8b465ee728b)  -> (artifact id: 'b80577b1ff0c3c50252650ec73e5009a') in 0.011374 seconds 
========================================================================
Received Import Request.
  Time since last request: 0.000021 seconds.
  path: Assets/Tiles/Basic_Tiles/newHeroTileSet_150.asset
  artifactKey: Guid(c9b61882b3d2b3d4fa1ccdc1f4a8d33e) Importer(815301076,1909f56bfc062723c751e8b465ee728b)
Start importing Assets/Tiles/Basic_Tiles/newHeroTileSet_150.asset using Guid(c9b61882b3d2b3d4fa1ccdc1f4a8d33e) Importer(815301076,1909f56bfc062723c751e8b465ee728b)  -> (artifact id: '0437e5774176dc60950bf97c3aaab3bd') in 0.012794 seconds 
========================================================================
Received Prepare
Registering precompiled user dll's ...
Registered in 0.010084 seconds.
Begin MonoManager ReloadAssembly
Symbol file LoadedFromMemory doesn't match image C:\Programowanie\New_Hero\New Hero\Library\PackageCache\com.unity.visualscripting@1.7.8\Editor\VisualScripting.Core\Dependencies\YamlDotNet\Unity.VisualScripting.YamlDotNet.dll
Symbol file LoadedFromMemory doesn't match image C:\Programowanie\New_Hero\New Hero\Library\PackageCache\com.unity.visualscripting@1.7.8\Editor\VisualScripting.Core\Dependencies\DotNetZip\Unity.VisualScripting.IonicZip.dll
Native extension for WindowsStandalone target not found
Refreshing native plugins compatible for Editor in 0.90 ms, found 4 plugins.
Preloading 0 native plugins for Editor in 0.00 ms.
Mono: successfully reloaded assembly
- Completed reload, in  1.152 seconds
Domain Reload Profiling:
	ReloadAssembly (1153ms)
		BeginReloadAssembly (130ms)
			ExecutionOrderSort (0ms)
			DisableScriptedObjects (7ms)
			BackupInstance (0ms)
			ReleaseScriptingObjects (0ms)
			CreateAndSetChildDomain (39ms)
		EndReloadAssembly (925ms)
			LoadAssemblies (94ms)
			RebuildTransferFunctionScriptingTraits (0ms)
			SetupTypeCache (259ms)
			ReleaseScriptCaches (2ms)
			RebuildScriptCaches (55ms)
			SetupLoadedEditorAssemblies (450ms)
				LogAssemblyErrors (0ms)
				InitializePlatformSupportModulesInManaged (16ms)
				SetLoadedEditorAssemblies (1ms)
				RefreshPlugins (1ms)
				BeforeProcessingInitializeOnLoad (84ms)
				ProcessInitializeOnLoadAttributes (288ms)
				ProcessInitializeOnLoadMethodAttributes (49ms)
				AfterProcessingInitializeOnLoad (11ms)
				EditorAssembliesLoaded (0ms)
			ExecutionOrderSort2 (0ms)
			AwakeInstancesAfterBackupRestoration (10ms)
Platform modules already initialized, skipping
Refreshing native plugins compatible for Editor in 2.98 ms, found 4 plugins.
Preloading 0 native plugins for Editor in 0.00 ms.
Unloading 4225 Unused Serialized files (Serialized files now loaded: 0)
Unloading 32 unused Assets / (261.3 KB). Loaded Objects now: 4697.
Memory consumption went from 157.5 MB to 157.3 MB.
Total: 3.364000 ms (FindLiveObjects: 0.326400 ms CreateObjectMapping: 0.164600 ms MarkObjects: 2.711000 ms  DeleteObjects: 0.160600 ms)

AssetImportParameters requested are different than current active one (requested -> active):
  custom:video-decoder-ogg-theora: a1e56fd34408186e4bbccfd4996cb3dc -> 
  custom:container-muxer-webm: aa71ff27fc2769a1b78a27578f13a17b -> 
  custom:container-demuxer-webm: 4f35f7cbe854078d1ac9338744f61a02 -> 
  custom:video-encoder-webm-vp8: eb34c28f22e8b96e1ab97ce403110664 -> 
  custom:audio-encoder-webm-vorbis: bf7c407c2cedff20999df2af8eb42d56 -> 
  custom:framework-win-MediaFoundation: 216162199b28c13a410421893ffa2e32 -> 
  custom:container-demuxer-ogg: 62fdf1f143b41e24485cea50d1cbac27 -> 
  custom:video-decoder-webm-vp8: 9c59270c3fd7afecdb556c50c9e8de78 -> 
  custom:audio-decoder-ogg-vorbis: bf7c407c2cedff20999df2af8eb42d56 -> 
Editor requested this worker to shutdown with reason: Scaling down because of idle timeout
AssetImportWorker is now disconnected from the server
Process exiting
Exiting without the bug reporter. Application will terminate with return code 0