Using pre-set license
Built from '2021.3/staging' branch; Version is '2021.3.9f1 (ad3870b89536) revision 11352176'; Using compiler version '192829333'; Build Type 'Release'
OS: 'Windows 10  (10.0.19044) 64bit Core' Language: 'pl' Physical Memory: 16303 MB
BatchMode: 1, IsHumanControllingUs: 0, StartBugReporterOnCrash: 0, Is64bit: 1, IsPro: 1

COMMAND LINE ARGUMENTS:
C:\Program Files\Unity\Hub\Editor\2021.3.9f1\Editor\Unity.exe
-adb2
-batchMode
-noUpm
-name
AssetImportWorker2
-projectPath
D:/.Programowanie/games/newHero/New Hero
-logFile
Logs/AssetImportWorker2.log
-srvPort
59485
Successfully changed project path to: D:/.Programowanie/games/newHero/New Hero
D:/.Programowanie/games/newHero/New Hero
[UnityMemory] Configuration Parameters - Can be set up in boot.config
    "memorysetup-bucket-allocator-granularity=16"
    "memorysetup-bucket-allocator-bucket-count=8"
    "memorysetup-bucket-allocator-block-size=33554432"
    "memorysetup-bucket-allocator-block-count=8"
    "memorysetup-main-allocator-block-size=16777216"
    "memorysetup-thread-allocator-block-size=16777216"
    "memorysetup-gfx-main-allocator-block-size=16777216"
    "memorysetup-gfx-thread-allocator-block-size=16777216"
    "memorysetup-cache-allocator-block-size=4194304"
    "memorysetup-typetree-allocator-block-size=2097152"
    "memorysetup-profiler-bucket-allocator-granularity=16"
    "memorysetup-profiler-bucket-allocator-bucket-count=8"
    "memorysetup-profiler-bucket-allocator-block-size=33554432"
    "memorysetup-profiler-bucket-allocator-block-count=8"
    "memorysetup-profiler-allocator-block-size=16777216"
    "memorysetup-profiler-editor-allocator-block-size=1048576"
    "memorysetup-temp-allocator-size-main=16777216"
    "memorysetup-job-temp-allocator-block-size=2097152"
    "memorysetup-job-temp-allocator-block-size-background=1048576"
    "memorysetup-job-temp-allocator-reduction-small-platforms=262144"
    "memorysetup-temp-allocator-size-background-worker=32768"
    "memorysetup-temp-allocator-size-job-worker=262144"
    "memorysetup-temp-allocator-size-preload-manager=33554432"
    "memorysetup-temp-allocator-size-nav-mesh-worker=65536"
    "memorysetup-temp-allocator-size-audio-worker=65536"
    "memorysetup-temp-allocator-size-cloud-worker=32768"
    "memorysetup-temp-allocator-size-gi-baking-worker=262144"
    "memorysetup-temp-allocator-size-gfx=262144"
Refreshing native plugins compatible for Editor in 90.38 ms, found 5 plugins.
Preloading 0 native plugins for Editor in 0.00 ms.
Initialize engine version: 2021.3.9f1 (ad3870b89536)
[Subsystems] Discovering subsystems at path C:/Program Files/Unity/Hub/Editor/2021.3.9f1/Editor/Data/Resources/UnitySubsystems
[Subsystems] Discovering subsystems at path D:/.Programowanie/games/newHero/New Hero/Assets
GfxDevice: creating device client; threaded=0; jobified=0
Direct3D:
    Version:  Direct3D 11.0 [level 11.1]
    Renderer: NVIDIA GeForce GTX 1070 Ti (ID=0x1b82)
    Vendor:   NVIDIA
    VRAM:     8079 MB
    Driver:   31.0.15.2206
Initialize mono
Mono path[0] = 'C:/Program Files/Unity/Hub/Editor/2021.3.9f1/Editor/Data/Managed'
Mono path[1] = 'C:/Program Files/Unity/Hub/Editor/2021.3.9f1/Editor/Data/MonoBleedingEdge/lib/mono/unityjit-win32'
Mono config path = 'C:/Program Files/Unity/Hub/Editor/2021.3.9f1/Editor/Data/MonoBleedingEdge/etc'
Using monoOptions --debugger-agent=transport=dt_socket,embedding=1,server=y,suspend=n,address=127.0.0.1:56772
Begin MonoManager ReloadAssembly
Registering precompiled unity dll's ...
Register platform support module: C:/Program Files/Unity/Hub/Editor/2021.3.9f1/Editor/Data/PlaybackEngines/WindowsStandaloneSupport/UnityEditor.WindowsStandalone.Extensions.dll
Registered in 0.007695 seconds.
Native extension for WindowsStandalone target not found
Refreshing native plugins compatible for Editor in 85.73 ms, found 5 plugins.
Preloading 0 native plugins for Editor in 0.00 ms.
Mono: successfully reloaded assembly
- Completed reload, in  0.664 seconds
Domain Reload Profiling:
	ReloadAssembly (664ms)
		BeginReloadAssembly (75ms)
			ExecutionOrderSort (0ms)
			DisableScriptedObjects (0ms)
			BackupInstance (0ms)
			ReleaseScriptingObjects (0ms)
			CreateAndSetChildDomain (1ms)
		EndReloadAssembly (477ms)
			LoadAssemblies (72ms)
			RebuildTransferFunctionScriptingTraits (0ms)
			SetupTypeCache (124ms)
			ReleaseScriptCaches (0ms)
			RebuildScriptCaches (27ms)
			SetupLoadedEditorAssemblies (277ms)
				LogAssemblyErrors (0ms)
				InitializePlatformSupportModulesInManaged (8ms)
				SetLoadedEditorAssemblies (0ms)
				RefreshPlugins (86ms)
				BeforeProcessingInitializeOnLoad (1ms)
				ProcessInitializeOnLoadAttributes (134ms)
				ProcessInitializeOnLoadMethodAttributes (48ms)
				AfterProcessingInitializeOnLoad (0ms)
				EditorAssembliesLoaded (0ms)
			ExecutionOrderSort2 (0ms)
			AwakeInstancesAfterBackupRestoration (0ms)
Platform modules already initialized, skipping
Registering precompiled user dll's ...
Registered in 0.007029 seconds.
Begin MonoManager ReloadAssembly
Symbol file LoadedFromMemory doesn't match image D:\.Programowanie\games\newHero\New Hero\Library\PackageCache\com.unity.visualscripting@1.7.8\Editor\VisualScripting.Core\Dependencies\YamlDotNet\Unity.VisualScripting.YamlDotNet.dll
Symbol file LoadedFromMemory doesn't match image D:\.Programowanie\games\newHero\New Hero\Library\PackageCache\com.unity.visualscripting@1.7.8\Editor\VisualScripting.Core\Dependencies\DotNetZip\Unity.VisualScripting.IonicZip.dll
Native extension for WindowsStandalone target not found
Refreshing native plugins compatible for Editor in 85.10 ms, found 5 plugins.
Preloading 0 native plugins for Editor in 0.00 ms.
Mono: successfully reloaded assembly
- Completed reload, in  1.128 seconds
Domain Reload Profiling:
	ReloadAssembly (1129ms)
		BeginReloadAssembly (106ms)
			ExecutionOrderSort (0ms)
			DisableScriptedObjects (5ms)
			BackupInstance (0ms)
			ReleaseScriptingObjects (0ms)
			CreateAndSetChildDomain (16ms)
		EndReloadAssembly (911ms)
			LoadAssemblies (90ms)
			RebuildTransferFunctionScriptingTraits (0ms)
			SetupTypeCache (242ms)
			ReleaseScriptCaches (1ms)
			RebuildScriptCaches (58ms)
			SetupLoadedEditorAssemblies (483ms)
				LogAssemblyErrors (0ms)
				InitializePlatformSupportModulesInManaged (5ms)
				SetLoadedEditorAssemblies (0ms)
				RefreshPlugins (85ms)
				BeforeProcessingInitializeOnLoad (92ms)
				ProcessInitializeOnLoadAttributes (250ms)
				ProcessInitializeOnLoadMethodAttributes (42ms)
				AfterProcessingInitializeOnLoad (9ms)
				EditorAssembliesLoaded (0ms)
			ExecutionOrderSort2 (0ms)
			AwakeInstancesAfterBackupRestoration (5ms)
Platform modules already initialized, skipping
========================================================================
Worker process is ready to serve import requests
Launched and connected shader compiler UnityShaderCompiler.exe after 0.08 seconds
Refreshing native plugins compatible for Editor in 0.68 ms, found 5 plugins.
Preloading 0 native plugins for Editor in 0.00 ms.
Unloading 4267 Unused Serialized files (Serialized files now loaded: 0)
Unloading 58 unused Assets / (129.0 KB). Loaded Objects now: 4716.
Memory consumption went from 160.6 MB to 160.5 MB.
Total: 2.945200 ms (FindLiveObjects: 0.273300 ms CreateObjectMapping: 0.211900 ms MarkObjects: 2.375800 ms  DeleteObjects: 0.083600 ms)

AssetImportParameters requested are different than current active one (requested -> active):
  custom:video-decoder-ogg-theora: a1e56fd34408186e4bbccfd4996cb3dc -> 
  custom:container-muxer-webm: aa71ff27fc2769a1b78a27578f13a17b -> 
  custom:container-demuxer-webm: 4f35f7cbe854078d1ac9338744f61a02 -> 
  custom:video-encoder-webm-vp8: eb34c28f22e8b96e1ab97ce403110664 -> 
  custom:audio-encoder-webm-vorbis: bf7c407c2cedff20999df2af8eb42d56 -> 
  custom:framework-win-MediaFoundation: 216162199b28c13a410421893ffa2e32 -> 
  custom:container-demuxer-ogg: 62fdf1f143b41e24485cea50d1cbac27 -> 
  custom:video-decoder-webm-vp8: 9c59270c3fd7afecdb556c50c9e8de78 -> 
  custom:audio-decoder-ogg-vorbis: bf7c407c2cedff20999df2af8eb42d56 -> 
========================================================================
Received Import Request.
  Time since last request: 399969.979482 seconds.
  path: Assets/Tiles/Basic_Tiles
  artifactKey: Guid(e0849c86d8bd7e444b394fe769b610f9) Importer(815301076,1909f56bfc062723c751e8b465ee728b)
Start importing Assets/Tiles/Basic_Tiles using Guid(e0849c86d8bd7e444b394fe769b610f9) Importer(815301076,1909f56bfc062723c751e8b465ee728b)  -> (artifact id: '14b5898c5158e8ddc213f75cc95ba059') in 0.010847 seconds 
========================================================================
Received Import Request.
  Time since last request: 0.052120 seconds.
  path: Assets/Tiles/Basic_Tiles/newHeroTileSet_0.asset
  artifactKey: Guid(cd0e331fa2b523e4289a86507b111a68) Importer(815301076,1909f56bfc062723c751e8b465ee728b)
Start importing Assets/Tiles/Basic_Tiles/newHeroTileSet_0.asset using Guid(cd0e331fa2b523e4289a86507b111a68) Importer(815301076,1909f56bfc062723c751e8b465ee728b)  -> (artifact id: 'e9d346799caa3e2f88ef0847781be243') in 0.072664 seconds 
========================================================================
Received Import Request.
  Time since last request: 0.000017 seconds.
  path: Assets/Tiles/Basic_Tiles/newHeroTileSet_53.asset
  artifactKey: Guid(0f04e224c35dd9341933eb70e5749403) Importer(815301076,1909f56bfc062723c751e8b465ee728b)
Start importing Assets/Tiles/Basic_Tiles/newHeroTileSet_53.asset using Guid(0f04e224c35dd9341933eb70e5749403) Importer(815301076,1909f56bfc062723c751e8b465ee728b)  -> (artifact id: '4189ac20c2dc013b9a558c0f0a1542c3') in 0.013966 seconds 
========================================================================
Received Import Request.
  Time since last request: 0.000016 seconds.
  path: Assets/Tiles/Basic_Tiles/newHeroTileSet_15.asset
  artifactKey: Guid(a0dd925f3d1e87e44a828969fb3cd64e) Importer(815301076,1909f56bfc062723c751e8b465ee728b)
Start importing Assets/Tiles/Basic_Tiles/newHeroTileSet_15.asset using Guid(a0dd925f3d1e87e44a828969fb3cd64e) Importer(815301076,1909f56bfc062723c751e8b465ee728b)  -> (artifact id: '4b3d4c9e222e2a6ba1c77a21ee5889d4') in 0.012594 seconds 
========================================================================
Received Import Request.
  Time since last request: 0.000021 seconds.
  path: Assets/Tiles/Basic_Tiles/newHeroTileSet_29.asset
  artifactKey: Guid(3891b0f059c409840b7c3f07a5dd47c2) Importer(815301076,1909f56bfc062723c751e8b465ee728b)
Start importing Assets/Tiles/Basic_Tiles/newHeroTileSet_29.asset using Guid(3891b0f059c409840b7c3f07a5dd47c2) Importer(815301076,1909f56bfc062723c751e8b465ee728b)  -> (artifact id: '24300cf48cb7d9f08f969be7090816cd') in 0.013729 seconds 
========================================================================
Received Import Request.
  Time since last request: 0.000016 seconds.
  path: Assets/Tiles/Basic_Tiles/newHeroTileSet_52.asset
  artifactKey: Guid(c1735eb3152524246b6b939c6ee2c5b0) Importer(815301076,1909f56bfc062723c751e8b465ee728b)
Start importing Assets/Tiles/Basic_Tiles/newHeroTileSet_52.asset using Guid(c1735eb3152524246b6b939c6ee2c5b0) Importer(815301076,1909f56bfc062723c751e8b465ee728b)  -> (artifact id: '4aa8e14d2999ca308361c1ff5015c90c') in 0.015935 seconds 
========================================================================
Received Import Request.
  Time since last request: 0.000022 seconds.
  path: Assets/Tiles/Basic_Tiles/newHeroTileSet_21.asset
  artifactKey: Guid(bb41988638d7ba94bae8d1f9d0863bb6) Importer(815301076,1909f56bfc062723c751e8b465ee728b)
Start importing Assets/Tiles/Basic_Tiles/newHeroTileSet_21.asset using Guid(bb41988638d7ba94bae8d1f9d0863bb6) Importer(815301076,1909f56bfc062723c751e8b465ee728b)  -> (artifact id: '5387a074cdf71ff96e90da71182bc601') in 0.028355 seconds 
========================================================================
Received Import Request.
  Time since last request: 0.000029 seconds.
  path: Assets/Tiles/Basic_Tiles/newHeroTileSet_10.asset
  artifactKey: Guid(fa6018e8fcfdd3147814640c6a7453c2) Importer(815301076,1909f56bfc062723c751e8b465ee728b)
Start importing Assets/Tiles/Basic_Tiles/newHeroTileSet_10.asset using Guid(fa6018e8fcfdd3147814640c6a7453c2) Importer(815301076,1909f56bfc062723c751e8b465ee728b)  -> (artifact id: '64ebf44c24e9d20a6c2b3021c9eb225b') in 0.011158 seconds 
========================================================================
Received Import Request.
  Time since last request: 0.000033 seconds.
  path: Assets/Tiles/Basic_Tiles/newHeroTileSet_69.asset
  artifactKey: Guid(affdbaeecf44d954a80c19ae5d7546e9) Importer(815301076,1909f56bfc062723c751e8b465ee728b)
Start importing Assets/Tiles/Basic_Tiles/newHeroTileSet_69.asset using Guid(affdbaeecf44d954a80c19ae5d7546e9) Importer(815301076,1909f56bfc062723c751e8b465ee728b)  -> (artifact id: '835bff5028cb4173035ece98f33a758b') in 0.011080 seconds 
========================================================================
Received Import Request.
  Time since last request: 0.000019 seconds.
  path: Assets/Tiles/Basic_Tiles/newHeroTileSet_31.asset
  artifactKey: Guid(caa92f523cbadfd4f88746607d8c180e) Importer(815301076,1909f56bfc062723c751e8b465ee728b)
Start importing Assets/Tiles/Basic_Tiles/newHeroTileSet_31.asset using Guid(caa92f523cbadfd4f88746607d8c180e) Importer(815301076,1909f56bfc062723c751e8b465ee728b)  -> (artifact id: '82fd12a5d75b594760f51aa41db4f173') in 0.011098 seconds 
========================================================================
Received Import Request.
  Time since last request: 0.000019 seconds.
  path: Assets/Tiles/Basic_Tiles/newHeroTileSet_51.asset
  artifactKey: Guid(da3e44fe4a2d1cd4a9e86dfcc13c7d61) Importer(815301076,1909f56bfc062723c751e8b465ee728b)
Start importing Assets/Tiles/Basic_Tiles/newHeroTileSet_51.asset using Guid(da3e44fe4a2d1cd4a9e86dfcc13c7d61) Importer(815301076,1909f56bfc062723c751e8b465ee728b)  -> (artifact id: '062ea84bb633fee0b9877c1a809f0653') in 0.012117 seconds 
========================================================================
Received Import Request.
  Time since last request: 0.000017 seconds.
  path: Assets/Tiles/Basic_Tiles/newHeroTileSet_30.asset
  artifactKey: Guid(34faa034616418e4db1049000932890d) Importer(815301076,1909f56bfc062723c751e8b465ee728b)
Start importing Assets/Tiles/Basic_Tiles/newHeroTileSet_30.asset using Guid(34faa034616418e4db1049000932890d) Importer(815301076,1909f56bfc062723c751e8b465ee728b)  -> (artifact id: 'bd06b6e2bd6f31b7d6cd0f232b39b9e9') in 0.015717 seconds 
========================================================================
Received Import Request.
  Time since last request: 0.000020 seconds.
  path: Assets/Tiles/Basic_Tiles/newHeroTileSet_4.asset
  artifactKey: Guid(017641438c427154ca39ebe787deea68) Importer(815301076,1909f56bfc062723c751e8b465ee728b)
Start importing Assets/Tiles/Basic_Tiles/newHeroTileSet_4.asset using Guid(017641438c427154ca39ebe787deea68) Importer(815301076,1909f56bfc062723c751e8b465ee728b)  -> (artifact id: '413c9ea035ea70642690075d5b55e961') in 0.015322 seconds 
========================================================================
Received Import Request.
  Time since last request: 0.000021 seconds.
  path: Assets/Tiles/Basic_Tiles/newHeroTileSet_48.asset
  artifactKey: Guid(63fbe3ebd1e1327479d1f9b967757370) Importer(815301076,1909f56bfc062723c751e8b465ee728b)
Start importing Assets/Tiles/Basic_Tiles/newHeroTileSet_48.asset using Guid(63fbe3ebd1e1327479d1f9b967757370) Importer(815301076,1909f56bfc062723c751e8b465ee728b)  -> (artifact id: '58ca9d8d80ddfaef5ae1431508f69442') in 0.013513 seconds 
========================================================================
Received Import Request.
  Time since last request: 0.000015 seconds.
  path: Assets/Tiles/Basic_Tiles/newHeroTileSet_57.asset
  artifactKey: Guid(f34839a2fc0deb34e819280601934ac5) Importer(815301076,1909f56bfc062723c751e8b465ee728b)
Start importing Assets/Tiles/Basic_Tiles/newHeroTileSet_57.asset using Guid(f34839a2fc0deb34e819280601934ac5) Importer(815301076,1909f56bfc062723c751e8b465ee728b)  -> (artifact id: '8702676c971946ef149cc6a4b65bc878') in 0.013423 seconds 
========================================================================
Received Import Request.
  Time since last request: 0.000016 seconds.
  path: Assets/Tiles/Basic_Tiles/newHeroTileSet_66.asset
  artifactKey: Guid(6262cf8983a3b7547a10a955875d15f5) Importer(815301076,1909f56bfc062723c751e8b465ee728b)
Start importing Assets/Tiles/Basic_Tiles/newHeroTileSet_66.asset using Guid(6262cf8983a3b7547a10a955875d15f5) Importer(815301076,1909f56bfc062723c751e8b465ee728b)  -> (artifact id: '6307cb78e9518e9c6948a03108b126c1') in 0.013704 seconds 
========================================================================
Received Import Request.
  Time since last request: 0.000021 seconds.
  path: Assets/Tiles/Basic_Tiles/newHeroTileSet_55.asset
  artifactKey: Guid(d3baeff64bc2aac4dbffb9c477b087b3) Importer(815301076,1909f56bfc062723c751e8b465ee728b)
Start importing Assets/Tiles/Basic_Tiles/newHeroTileSet_55.asset using Guid(d3baeff64bc2aac4dbffb9c477b087b3) Importer(815301076,1909f56bfc062723c751e8b465ee728b)  -> (artifact id: '85d65f3c41c128156786183cd9b89968') in 0.018040 seconds 
========================================================================
Received Import Request.
  Time since last request: 0.000019 seconds.
  path: Assets/Tiles/Basic_Tiles/newHeroTileSet_14.asset
  artifactKey: Guid(f728af6fdeb74814aad9a90a0785d8d1) Importer(815301076,1909f56bfc062723c751e8b465ee728b)
Start importing Assets/Tiles/Basic_Tiles/newHeroTileSet_14.asset using Guid(f728af6fdeb74814aad9a90a0785d8d1) Importer(815301076,1909f56bfc062723c751e8b465ee728b)  -> (artifact id: '84d05cae79d96d9459f885a412deade2') in 0.013666 seconds 
========================================================================
Received Import Request.
  Time since last request: 0.000022 seconds.
  path: Assets/Tiles/Basic_Tiles/newHeroTileSet_38.asset
  artifactKey: Guid(dd447c51bd796504791dc7d1e54c7031) Importer(815301076,1909f56bfc062723c751e8b465ee728b)
Start importing Assets/Tiles/Basic_Tiles/newHeroTileSet_38.asset using Guid(dd447c51bd796504791dc7d1e54c7031) Importer(815301076,1909f56bfc062723c751e8b465ee728b)  -> (artifact id: 'c728892d09f104a7d281ed83712bd512') in 0.023129 seconds 
========================================================================
Received Import Request.
  Time since last request: 0.000025 seconds.
  path: Assets/Tiles/Basic_Tiles/newHeroTileSet_42.asset
  artifactKey: Guid(45e8ec8d8aa02e54f8b5ada6ab3bc8eb) Importer(815301076,1909f56bfc062723c751e8b465ee728b)
Start importing Assets/Tiles/Basic_Tiles/newHeroTileSet_42.asset using Guid(45e8ec8d8aa02e54f8b5ada6ab3bc8eb) Importer(815301076,1909f56bfc062723c751e8b465ee728b)  -> (artifact id: '849bf840cf2b03577cb7b7d3cedb2c41') in 0.014321 seconds 
========================================================================
Received Import Request.
  Time since last request: 0.000032 seconds.
  path: Assets/Tiles/Basic_Tiles/newHeroTileSet_32.asset
  artifactKey: Guid(0038243da0216fd4d9b144bce1f88289) Importer(815301076,1909f56bfc062723c751e8b465ee728b)
Start importing Assets/Tiles/Basic_Tiles/newHeroTileSet_32.asset using Guid(0038243da0216fd4d9b144bce1f88289) Importer(815301076,1909f56bfc062723c751e8b465ee728b)  -> (artifact id: '6c06fdca1c4170d5e95073eb224c6423') in 0.012091 seconds 
========================================================================
Received Import Request.
  Time since last request: 0.000024 seconds.
  path: Assets/Tiles/Basic_Tiles/newHeroTileSet_8.asset
  artifactKey: Guid(2b22cfbd137523f4a94b0b65f849bcf6) Importer(815301076,1909f56bfc062723c751e8b465ee728b)
Start importing Assets/Tiles/Basic_Tiles/newHeroTileSet_8.asset using Guid(2b22cfbd137523f4a94b0b65f849bcf6) Importer(815301076,1909f56bfc062723c751e8b465ee728b)  -> (artifact id: 'affdbc572c41a8d686b21dc7db1969e5') in 0.013396 seconds 
========================================================================
Received Import Request.
  Time since last request: 0.000033 seconds.
  path: Assets/Tiles/Basic_Tiles/newHeroTileSet_43.asset
  artifactKey: Guid(8de26b7b8e6bdea41bda2f08da3ce23b) Importer(815301076,1909f56bfc062723c751e8b465ee728b)
Start importing Assets/Tiles/Basic_Tiles/newHeroTileSet_43.asset using Guid(8de26b7b8e6bdea41bda2f08da3ce23b) Importer(815301076,1909f56bfc062723c751e8b465ee728b)  -> (artifact id: 'fff66686739b853d07c0d77ea66a0251') in 0.014164 seconds 
========================================================================
Received Import Request.
  Time since last request: 0.000019 seconds.
  path: Assets/Tiles/Basic_Tiles/newHeroTileSet_40.asset
  artifactKey: Guid(77d94e4f2e46fc84da5f7470e693e9cf) Importer(815301076,1909f56bfc062723c751e8b465ee728b)
Start importing Assets/Tiles/Basic_Tiles/newHeroTileSet_40.asset using Guid(77d94e4f2e46fc84da5f7470e693e9cf) Importer(815301076,1909f56bfc062723c751e8b465ee728b)  -> (artifact id: '6fbcb8b70738c72d7b1f7fa9c0a97b4e') in 0.014695 seconds 
========================================================================
Received Import Request.
  Time since last request: 0.952183 seconds.
  path: Assets/Tiles/Basic_Tiles/newHeroTileSet_71.asset
  artifactKey: Guid(7b9e22a37d7d00f48a6c0c4538b91437) Importer(815301076,1909f56bfc062723c751e8b465ee728b)
Start importing Assets/Tiles/Basic_Tiles/newHeroTileSet_71.asset using Guid(7b9e22a37d7d00f48a6c0c4538b91437) Importer(815301076,1909f56bfc062723c751e8b465ee728b)  -> (artifact id: '2fcda9358c857486e4aee055a1f52132') in 0.014839 seconds 
========================================================================
Received Import Request.
  Time since last request: 0.000026 seconds.
  path: Assets/Tiles/Basic_Tiles/newHeroTileSet_83.asset
  artifactKey: Guid(083f81a707dafc0469ca6d0b1d86ef60) Importer(815301076,1909f56bfc062723c751e8b465ee728b)
Start importing Assets/Tiles/Basic_Tiles/newHeroTileSet_83.asset using Guid(083f81a707dafc0469ca6d0b1d86ef60) Importer(815301076,1909f56bfc062723c751e8b465ee728b)  -> (artifact id: '444e3756dd631d5b6fe68f9f04c8c106') in 0.010984 seconds 
========================================================================
Received Import Request.
  Time since last request: 0.000021 seconds.
  path: Assets/Tiles/Basic_Tiles/newHeroTileSet_81.asset
  artifactKey: Guid(a8907142ba78f074c8a4c3190b005cd0) Importer(815301076,1909f56bfc062723c751e8b465ee728b)
Start importing Assets/Tiles/Basic_Tiles/newHeroTileSet_81.asset using Guid(a8907142ba78f074c8a4c3190b005cd0) Importer(815301076,1909f56bfc062723c751e8b465ee728b)  -> (artifact id: 'b52c2d3b1ecf92fa5e462e20a0e1d1d8') in 0.010476 seconds 
========================================================================
Received Import Request.
  Time since last request: 0.000018 seconds.
  path: Assets/Tiles/Basic_Tiles/newHeroTileSet_79.asset
  artifactKey: Guid(62c7a817de573a44b8fd12847f3c9f5f) Importer(815301076,1909f56bfc062723c751e8b465ee728b)
Start importing Assets/Tiles/Basic_Tiles/newHeroTileSet_79.asset using Guid(62c7a817de573a44b8fd12847f3c9f5f) Importer(815301076,1909f56bfc062723c751e8b465ee728b)  -> (artifact id: 'cf5c528677f459240e3172c6ad10742c') in 0.011265 seconds 
========================================================================
Received Import Request.
  Time since last request: 0.000017 seconds.
  path: Assets/Tiles/Basic_Tiles/newHeroTileSet_80.asset
  artifactKey: Guid(25936e7bb071ff646a45f9c603a43975) Importer(815301076,1909f56bfc062723c751e8b465ee728b)
Start importing Assets/Tiles/Basic_Tiles/newHeroTileSet_80.asset using Guid(25936e7bb071ff646a45f9c603a43975) Importer(815301076,1909f56bfc062723c751e8b465ee728b)  -> (artifact id: '4129e16281f0da3faf4e37c28bdfb9a8') in 0.011056 seconds 
========================================================================
Received Import Request.
  Time since last request: 0.000020 seconds.
  path: Assets/Tiles/Basic_Tiles/newHeroTileSet_90.asset
  artifactKey: Guid(0b431e61c4aa3ee448af526e1d2f243a) Importer(815301076,1909f56bfc062723c751e8b465ee728b)
Start importing Assets/Tiles/Basic_Tiles/newHeroTileSet_90.asset using Guid(0b431e61c4aa3ee448af526e1d2f243a) Importer(815301076,1909f56bfc062723c751e8b465ee728b)  -> (artifact id: '76d8781477a47334cc0e54337811ae8d') in 0.011539 seconds 
========================================================================
Received Import Request.
  Time since last request: 0.000033 seconds.
  path: Assets/Tiles/Basic_Tiles/newHeroTileSet_91.asset
  artifactKey: Guid(4af75e8bebf857243a65ef611dfd7f3e) Importer(815301076,1909f56bfc062723c751e8b465ee728b)
Start importing Assets/Tiles/Basic_Tiles/newHeroTileSet_91.asset using Guid(4af75e8bebf857243a65ef611dfd7f3e) Importer(815301076,1909f56bfc062723c751e8b465ee728b)  -> (artifact id: 'a49a71fbaea1068bb6bdb06734786a83') in 0.012014 seconds 
========================================================================
Received Import Request.
  Time since last request: 0.000019 seconds.
  path: Assets/Tiles/Basic_Tiles/newHeroTileSet_88.asset
  artifactKey: Guid(c09d0df77cb5879459ec605e589c68f8) Importer(815301076,1909f56bfc062723c751e8b465ee728b)
Start importing Assets/Tiles/Basic_Tiles/newHeroTileSet_88.asset using Guid(c09d0df77cb5879459ec605e589c68f8) Importer(815301076,1909f56bfc062723c751e8b465ee728b)  -> (artifact id: '52e8582dd3ff4d5a2eec1e1ffb88c296') in 0.012036 seconds 
========================================================================
Received Import Request.
  Time since last request: 0.000018 seconds.
  path: Assets/Tiles/Basic_Tiles/newHeroTileSet_109.asset
  artifactKey: Guid(622b748794a60ef459759328df3545fc) Importer(815301076,1909f56bfc062723c751e8b465ee728b)
Start importing Assets/Tiles/Basic_Tiles/newHeroTileSet_109.asset using Guid(622b748794a60ef459759328df3545fc) Importer(815301076,1909f56bfc062723c751e8b465ee728b)  -> (artifact id: '0a8bd4f79e1ff6fef099eee7573b9dc2') in 0.012724 seconds 
========================================================================
Received Import Request.
  Time since last request: 0.000024 seconds.
  path: Assets/Tiles/Basic_Tiles/newHeroTileSet_98.asset
  artifactKey: Guid(9e7eddcecfe53e04ebefd233ccc38a9e) Importer(815301076,1909f56bfc062723c751e8b465ee728b)
Start importing Assets/Tiles/Basic_Tiles/newHeroTileSet_98.asset using Guid(9e7eddcecfe53e04ebefd233ccc38a9e) Importer(815301076,1909f56bfc062723c751e8b465ee728b)  -> (artifact id: '18cf6ce8e15bdab4acabd7d6558edf86') in 0.013190 seconds 
========================================================================
Received Import Request.
  Time since last request: 0.000025 seconds.
  path: Assets/Tiles/Basic_Tiles/newHeroTileSet_100.asset
  artifactKey: Guid(e553d6b80288dbe4b9364f1e4c84f58e) Importer(815301076,1909f56bfc062723c751e8b465ee728b)
Start importing Assets/Tiles/Basic_Tiles/newHeroTileSet_100.asset using Guid(e553d6b80288dbe4b9364f1e4c84f58e) Importer(815301076,1909f56bfc062723c751e8b465ee728b)  -> (artifact id: '89f783d5f7970780236580d72c0a7986') in 0.013732 seconds 
========================================================================
Received Import Request.
  Time since last request: 0.000040 seconds.
  path: Assets/Tiles/Basic_Tiles/newHeroTileSet_85.asset
  artifactKey: Guid(7f84230483cc9bd4f84df715ef7f9846) Importer(815301076,1909f56bfc062723c751e8b465ee728b)
Start importing Assets/Tiles/Basic_Tiles/newHeroTileSet_85.asset using Guid(7f84230483cc9bd4f84df715ef7f9846) Importer(815301076,1909f56bfc062723c751e8b465ee728b)  -> (artifact id: '3547ba4c9f48cdf002bc6e748b07289e') in 0.012162 seconds 
========================================================================
Received Import Request.
  Time since last request: 0.000020 seconds.
  path: Assets/Tiles/Basic_Tiles/newHeroTileSet_119.asset
  artifactKey: Guid(e80dcb4fa8905e04c91b538bf851c5ee) Importer(815301076,1909f56bfc062723c751e8b465ee728b)
Start importing Assets/Tiles/Basic_Tiles/newHeroTileSet_119.asset using Guid(e80dcb4fa8905e04c91b538bf851c5ee) Importer(815301076,1909f56bfc062723c751e8b465ee728b)  -> (artifact id: '2dae228a56d1419caad7fe113cb6ec8b') in 0.013115 seconds 
========================================================================
Received Import Request.
  Time since last request: 0.000024 seconds.
  path: Assets/Tiles/Basic_Tiles/newHeroTileSet_112.asset
  artifactKey: Guid(ea545e8a440c0f5458347a01b12b234c) Importer(815301076,1909f56bfc062723c751e8b465ee728b)
Start importing Assets/Tiles/Basic_Tiles/newHeroTileSet_112.asset using Guid(ea545e8a440c0f5458347a01b12b234c) Importer(815301076,1909f56bfc062723c751e8b465ee728b)  -> (artifact id: '1ad78bf132b8871b18b76a70914e0257') in 0.011672 seconds 
========================================================================
Received Import Request.
  Time since last request: 0.000019 seconds.
  path: Assets/Tiles/Basic_Tiles/newHeroTileSet_89.asset
  artifactKey: Guid(66c6b0eb9bf75674dbb9e35fca01bb93) Importer(815301076,1909f56bfc062723c751e8b465ee728b)
Start importing Assets/Tiles/Basic_Tiles/newHeroTileSet_89.asset using Guid(66c6b0eb9bf75674dbb9e35fca01bb93) Importer(815301076,1909f56bfc062723c751e8b465ee728b)  -> (artifact id: 'efeeac0f7abb42997e250f3dbdb3a525') in 0.015039 seconds 
========================================================================
Received Import Request.
  Time since last request: 0.000019 seconds.
  path: Assets/Tiles/Basic_Tiles/newHeroTileSet_108.asset
  artifactKey: Guid(d524fc8138fcb9e4db8977c9631cc565) Importer(815301076,1909f56bfc062723c751e8b465ee728b)
Start importing Assets/Tiles/Basic_Tiles/newHeroTileSet_108.asset using Guid(d524fc8138fcb9e4db8977c9631cc565) Importer(815301076,1909f56bfc062723c751e8b465ee728b)  -> (artifact id: 'cca2fff02f1b1cb69bff516e6f610fbc') in 0.013128 seconds 
========================================================================
Received Import Request.
  Time since last request: 0.000022 seconds.
  path: Assets/Tiles/Basic_Tiles/newHeroTileSet_115.asset
  artifactKey: Guid(61b2647db0e47f14fa9229d174f7e03b) Importer(815301076,1909f56bfc062723c751e8b465ee728b)
Start importing Assets/Tiles/Basic_Tiles/newHeroTileSet_115.asset using Guid(61b2647db0e47f14fa9229d174f7e03b) Importer(815301076,1909f56bfc062723c751e8b465ee728b)  -> (artifact id: '606fa774bec1ae68f4839a7df8a18722') in 0.012505 seconds 
========================================================================
Received Import Request.
  Time since last request: 0.000020 seconds.
  path: Assets/Tiles/Basic_Tiles/newHeroTileSet_111.asset
  artifactKey: Guid(934f5f607e384124fa2094656605d923) Importer(815301076,1909f56bfc062723c751e8b465ee728b)
Start importing Assets/Tiles/Basic_Tiles/newHeroTileSet_111.asset using Guid(934f5f607e384124fa2094656605d923) Importer(815301076,1909f56bfc062723c751e8b465ee728b)  -> (artifact id: '49eae454145bb2ab54eeb582aa51d55e') in 0.013210 seconds 
========================================================================
Received Import Request.
  Time since last request: 0.000017 seconds.
  path: Assets/Tiles/Basic_Tiles/newHeroTileSet_124.asset
  artifactKey: Guid(24d78228fa20322498c6c43d731c45d3) Importer(815301076,1909f56bfc062723c751e8b465ee728b)
Start importing Assets/Tiles/Basic_Tiles/newHeroTileSet_124.asset using Guid(24d78228fa20322498c6c43d731c45d3) Importer(815301076,1909f56bfc062723c751e8b465ee728b)  -> (artifact id: '7aa293dca49575f5ee594129ad01bf92') in 0.012934 seconds 
========================================================================
Received Import Request.
  Time since last request: 0.462669 seconds.
  path: Assets/Tiles/Basic_Tiles/newHeroTileSet_127.asset
  artifactKey: Guid(4a2ca78218b2d984282def1ee7eb5ee9) Importer(815301076,1909f56bfc062723c751e8b465ee728b)
Start importing Assets/Tiles/Basic_Tiles/newHeroTileSet_127.asset using Guid(4a2ca78218b2d984282def1ee7eb5ee9) Importer(815301076,1909f56bfc062723c751e8b465ee728b)  -> (artifact id: '7da55142b68c6853ad9e06f0f573a1fe') in 0.014100 seconds 
========================================================================
Received Import Request.
  Time since last request: 0.000018 seconds.
  path: Assets/Tiles/Basic_Tiles/newHeroTileSet_135.asset
  artifactKey: Guid(0da6ca9a600c9bd4aa5f47b03656b6a4) Importer(815301076,1909f56bfc062723c751e8b465ee728b)
Start importing Assets/Tiles/Basic_Tiles/newHeroTileSet_135.asset using Guid(0da6ca9a600c9bd4aa5f47b03656b6a4) Importer(815301076,1909f56bfc062723c751e8b465ee728b)  -> (artifact id: '19b4281ab56401e839f6bddd03ca6bfc') in 0.012089 seconds 
========================================================================
Received Import Request.
  Time since last request: 0.000017 seconds.
  path: Assets/Tiles/Basic_Tiles/newHeroTileSet_148.asset
  artifactKey: Guid(69fb0565647472942a2203e7fdd90f7f) Importer(815301076,1909f56bfc062723c751e8b465ee728b)
Start importing Assets/Tiles/Basic_Tiles/newHeroTileSet_148.asset using Guid(69fb0565647472942a2203e7fdd90f7f) Importer(815301076,1909f56bfc062723c751e8b465ee728b)  -> (artifact id: '1130de6a60d6d09778e31b2ad6e63a13') in 0.011896 seconds 
========================================================================
Received Import Request.
  Time since last request: 0.000019 seconds.
  path: Assets/Tiles/Basic_Tiles/newHeroTileSet_132.asset
  artifactKey: Guid(302394154869d1241b10e4fa6516c1ab) Importer(815301076,1909f56bfc062723c751e8b465ee728b)
Start importing Assets/Tiles/Basic_Tiles/newHeroTileSet_132.asset using Guid(302394154869d1241b10e4fa6516c1ab) Importer(815301076,1909f56bfc062723c751e8b465ee728b)  -> (artifact id: 'b32ac76ad98f0cf85aae4aefe5681e7e') in 0.011478 seconds 
========================================================================
Received Import Request.
  Time since last request: 0.000016 seconds.
  path: Assets/Tiles/Basic_Tiles/newHeroTileSet_155.asset
  artifactKey: Guid(738f82eff82788040b02c4c75a44db2e) Importer(815301076,1909f56bfc062723c751e8b465ee728b)
Start importing Assets/Tiles/Basic_Tiles/newHeroTileSet_155.asset using Guid(738f82eff82788040b02c4c75a44db2e) Importer(815301076,1909f56bfc062723c751e8b465ee728b)  -> (artifact id: '58fa4b66b8266785f5cd077e1d6dd169') in 0.011585 seconds 
========================================================================
Received Import Request.
  Time since last request: 0.000017 seconds.
  path: Assets/Tiles/Basic_Tiles/newHeroTileSet_163.asset
  artifactKey: Guid(3430642c5748a6e468393b4688542922) Importer(815301076,1909f56bfc062723c751e8b465ee728b)
Start importing Assets/Tiles/Basic_Tiles/newHeroTileSet_163.asset using Guid(3430642c5748a6e468393b4688542922) Importer(815301076,1909f56bfc062723c751e8b465ee728b)  -> (artifact id: 'df4283b90c08fadadb5061ba7722c879') in 0.011768 seconds 
========================================================================
Received Import Request.
  Time since last request: 0.000021 seconds.
  path: Assets/Tiles/Basic_Tiles/newHeroTileSet_136.asset
  artifactKey: Guid(f3e2c197bb4f48c4582424a92aa45984) Importer(815301076,1909f56bfc062723c751e8b465ee728b)
Start importing Assets/Tiles/Basic_Tiles/newHeroTileSet_136.asset using Guid(f3e2c197bb4f48c4582424a92aa45984) Importer(815301076,1909f56bfc062723c751e8b465ee728b)  -> (artifact id: 'a53846c114c19610c7c6dc9d568780c5') in 0.012336 seconds 
========================================================================
Received Import Request.
  Time since last request: 0.000022 seconds.
  path: Assets/Tiles/Basic_Tiles/newHeroTileSet_176.asset
  artifactKey: Guid(ba621d33d4144eb4387721e84b2ce9f2) Importer(815301076,1909f56bfc062723c751e8b465ee728b)
Start importing Assets/Tiles/Basic_Tiles/newHeroTileSet_176.asset using Guid(ba621d33d4144eb4387721e84b2ce9f2) Importer(815301076,1909f56bfc062723c751e8b465ee728b)  -> (artifact id: '19f171a32155ff53dad748cd82bf7248') in 0.012053 seconds 
========================================================================
Received Import Request.
  Time since last request: 0.000022 seconds.
  path: Assets/Tiles/Basic_Tiles/newHeroTileSet_179.asset
  artifactKey: Guid(93323e4bb28a4664888cca7d16d07789) Importer(815301076,1909f56bfc062723c751e8b465ee728b)
Start importing Assets/Tiles/Basic_Tiles/newHeroTileSet_179.asset using Guid(93323e4bb28a4664888cca7d16d07789) Importer(815301076,1909f56bfc062723c751e8b465ee728b)  -> (artifact id: '18980ab67deb4088dead539e8586e711') in 0.010904 seconds 
========================================================================
Received Import Request.
  Time since last request: 0.000019 seconds.
  path: Assets/Tiles/Basic_Tiles/newHeroTileSet_175.asset
  artifactKey: Guid(a52effb18459a5d49b7c0c5bbb3e7a76) Importer(815301076,1909f56bfc062723c751e8b465ee728b)
Start importing Assets/Tiles/Basic_Tiles/newHeroTileSet_175.asset using Guid(a52effb18459a5d49b7c0c5bbb3e7a76) Importer(815301076,1909f56bfc062723c751e8b465ee728b)  -> (artifact id: '328703d4404e0be1ffe3590e9859037c') in 0.010301 seconds 
========================================================================
Received Import Request.
  Time since last request: 0.000018 seconds.
  path: Assets/Tiles/Basic_Tiles/newHeroTileSet_134.asset
  artifactKey: Guid(1d2b9c57a7ec8f943af93bbb28c1dfbe) Importer(815301076,1909f56bfc062723c751e8b465ee728b)
Start importing Assets/Tiles/Basic_Tiles/newHeroTileSet_134.asset using Guid(1d2b9c57a7ec8f943af93bbb28c1dfbe) Importer(815301076,1909f56bfc062723c751e8b465ee728b)  -> (artifact id: '50bbfa9972f8c293b56bb5aab4b3799c') in 0.010447 seconds 
========================================================================
Received Import Request.
  Time since last request: 0.000023 seconds.
  path: Assets/Tiles/Basic_Tiles/newHeroTileSet_168.asset
  artifactKey: Guid(55e3e6d76120388459a118352ccc7b5d) Importer(815301076,1909f56bfc062723c751e8b465ee728b)
Start importing Assets/Tiles/Basic_Tiles/newHeroTileSet_168.asset using Guid(55e3e6d76120388459a118352ccc7b5d) Importer(815301076,1909f56bfc062723c751e8b465ee728b)  -> (artifact id: '524553da9708e1cf3915ca2739a0a4c4') in 0.010804 seconds 
========================================================================
Received Import Request.
  Time since last request: 0.000025 seconds.
  path: Assets/Tiles/Basic_Tiles/newHeroTileSet_160.asset
  artifactKey: Guid(146b50d5d8875de46b4d28887c2c0f8e) Importer(815301076,1909f56bfc062723c751e8b465ee728b)
Start importing Assets/Tiles/Basic_Tiles/newHeroTileSet_160.asset using Guid(146b50d5d8875de46b4d28887c2c0f8e) Importer(815301076,1909f56bfc062723c751e8b465ee728b)  -> (artifact id: '979ca1fca710f570e0d7c2d8b94ec198') in 0.011897 seconds 
========================================================================
Received Import Request.
  Time since last request: 0.000020 seconds.
  path: Assets/Tiles/Basic_Tiles/newHeroTileSet_162.asset
  artifactKey: Guid(ece21180ddb87294e8f2442ce3b7d449) Importer(815301076,1909f56bfc062723c751e8b465ee728b)
Start importing Assets/Tiles/Basic_Tiles/newHeroTileSet_162.asset using Guid(ece21180ddb87294e8f2442ce3b7d449) Importer(815301076,1909f56bfc062723c751e8b465ee728b)  -> (artifact id: 'b76eab4816769a8f0ffff3fb7bf02c53') in 0.013517 seconds 
========================================================================
Received Import Request.
  Time since last request: 0.000023 seconds.
  path: Assets/Tiles/Basic_Tiles/newHeroTileSet_141.asset
  artifactKey: Guid(6c633cbeff237c9438b03d17a38a08c3) Importer(815301076,1909f56bfc062723c751e8b465ee728b)
Start importing Assets/Tiles/Basic_Tiles/newHeroTileSet_141.asset using Guid(6c633cbeff237c9438b03d17a38a08c3) Importer(815301076,1909f56bfc062723c751e8b465ee728b)  -> (artifact id: 'fc37f3dd174f21b894c347ee7850f76e') in 0.011959 seconds 
========================================================================
Received Import Request.
  Time since last request: 0.000020 seconds.
  path: Assets/Tiles/Basic_Tiles/newHeroTileSet_154.asset
  artifactKey: Guid(df3fda78ffb1e68458b0df29be077878) Importer(815301076,1909f56bfc062723c751e8b465ee728b)
Start importing Assets/Tiles/Basic_Tiles/newHeroTileSet_154.asset using Guid(df3fda78ffb1e68458b0df29be077878) Importer(815301076,1909f56bfc062723c751e8b465ee728b)  -> (artifact id: '2cf6fbcee0c69e7b5556449272c65eaa') in 0.011454 seconds 
========================================================================
Received Import Request.
  Time since last request: 0.000023 seconds.
  path: Assets/Tiles/Basic_Tiles/newHeroTileSet_166.asset
  artifactKey: Guid(5f14394ccfb37954da7aa939fecee269) Importer(815301076,1909f56bfc062723c751e8b465ee728b)
Start importing Assets/Tiles/Basic_Tiles/newHeroTileSet_166.asset using Guid(5f14394ccfb37954da7aa939fecee269) Importer(815301076,1909f56bfc062723c751e8b465ee728b)  -> (artifact id: '11648f2a415c6ae55eb993118957df6f') in 0.014539 seconds 
========================================================================
Received Import Request.
  Time since last request: 0.000023 seconds.
  path: Assets/Tiles/Basic_Tiles/newHeroTileSet_161.asset
  artifactKey: Guid(e9ba7e37d2dabe447a0857857029965e) Importer(815301076,1909f56bfc062723c751e8b465ee728b)
Start importing Assets/Tiles/Basic_Tiles/newHeroTileSet_161.asset using Guid(e9ba7e37d2dabe447a0857857029965e) Importer(815301076,1909f56bfc062723c751e8b465ee728b)  -> (artifact id: 'b6e581bb93c0cb5f9570df87723a8114') in 0.012837 seconds 
========================================================================
Received Import Request.
  Time since last request: 0.000017 seconds.
  path: Assets/Tiles/Basic_Tiles/newHeroTileSet_147.asset
  artifactKey: Guid(f006dfe1b50f9ce4faa389d2757d6022) Importer(815301076,1909f56bfc062723c751e8b465ee728b)
Start importing Assets/Tiles/Basic_Tiles/newHeroTileSet_147.asset using Guid(f006dfe1b50f9ce4faa389d2757d6022) Importer(815301076,1909f56bfc062723c751e8b465ee728b)  -> (artifact id: '17a23e96bce0becaa69c8392a7fa2092') in 0.017157 seconds 
========================================================================
Received Import Request.
  Time since last request: 0.405492 seconds.
  path: Assets/Tiles/Basic_Tiles/newHeroTileSet_183.asset
  artifactKey: Guid(19ee14e3d14c91844a2f14eb0dafd554) Importer(815301076,1909f56bfc062723c751e8b465ee728b)
Start importing Assets/Tiles/Basic_Tiles/newHeroTileSet_183.asset using Guid(19ee14e3d14c91844a2f14eb0dafd554) Importer(815301076,1909f56bfc062723c751e8b465ee728b)  -> (artifact id: '73ab5d6e9f19aefc73290ab155d7b4cc') in 0.010280 seconds 
========================================================================
Received Import Request.
  Time since last request: 0.000018 seconds.
  path: Assets/Tiles/Basic_Tiles/newHeroTileSet_189.asset
  artifactKey: Guid(22e3b538067e0e042ba41368396d6769) Importer(815301076,1909f56bfc062723c751e8b465ee728b)
Start importing Assets/Tiles/Basic_Tiles/newHeroTileSet_189.asset using Guid(22e3b538067e0e042ba41368396d6769) Importer(815301076,1909f56bfc062723c751e8b465ee728b)  -> (artifact id: '3918b194f8dab18530209253231d1765') in 0.010252 seconds 
========================================================================
Received Import Request.
  Time since last request: 0.000020 seconds.
  path: Assets/Tiles/Basic_Tiles/newHeroTileSet_193.asset
  artifactKey: Guid(75c0efe89727d454d941fb9380b33fb6) Importer(815301076,1909f56bfc062723c751e8b465ee728b)
Start importing Assets/Tiles/Basic_Tiles/newHeroTileSet_193.asset using Guid(75c0efe89727d454d941fb9380b33fb6) Importer(815301076,1909f56bfc062723c751e8b465ee728b)  -> (artifact id: 'a97c3c8f7471e4a1116c1ea4493c6848') in 0.012361 seconds 
========================================================================
Received Import Request.
  Time since last request: 0.000018 seconds.
  path: Assets/Tiles/Basic_Tiles/newHeroTileSet_186.asset
  artifactKey: Guid(2a717542e0c50d0429344dc37c559f47) Importer(815301076,1909f56bfc062723c751e8b465ee728b)
Start importing Assets/Tiles/Basic_Tiles/newHeroTileSet_186.asset using Guid(2a717542e0c50d0429344dc37c559f47) Importer(815301076,1909f56bfc062723c751e8b465ee728b)  -> (artifact id: '0f73adb3f38484e43e166756081e3771') in 0.011496 seconds 
========================================================================
Received Import Request.
  Time since last request: 0.000017 seconds.
  path: Assets/Tiles/Basic_Tiles/newHeroTileSet_219.asset
  artifactKey: Guid(8d1a0c4ae4f97e34e9d85d5e877299b9) Importer(815301076,1909f56bfc062723c751e8b465ee728b)
Start importing Assets/Tiles/Basic_Tiles/newHeroTileSet_219.asset using Guid(8d1a0c4ae4f97e34e9d85d5e877299b9) Importer(815301076,1909f56bfc062723c751e8b465ee728b)  -> (artifact id: '742432efab1df8030645a65aeabf27f7') in 0.012978 seconds 
========================================================================
Received Import Request.
  Time since last request: 0.000019 seconds.
  path: Assets/Tiles/Basic_Tiles/newHeroTileSet_199.asset
  artifactKey: Guid(d36995a26bcc4644ead1732ed3a020f8) Importer(815301076,1909f56bfc062723c751e8b465ee728b)
Start importing Assets/Tiles/Basic_Tiles/newHeroTileSet_199.asset using Guid(d36995a26bcc4644ead1732ed3a020f8) Importer(815301076,1909f56bfc062723c751e8b465ee728b)  -> (artifact id: 'b203b1ab457ef11d85c45885454692cd') in 0.012741 seconds 
========================================================================
Received Import Request.
  Time since last request: 0.000032 seconds.
  path: Assets/Tiles/Basic_Tiles/newHeroTileSet_231.asset
  artifactKey: Guid(1c64579821339884194843cb9816b8d6) Importer(815301076,1909f56bfc062723c751e8b465ee728b)
Start importing Assets/Tiles/Basic_Tiles/newHeroTileSet_231.asset using Guid(1c64579821339884194843cb9816b8d6) Importer(815301076,1909f56bfc062723c751e8b465ee728b)  -> (artifact id: 'fae04f39471edd66bab9b871c731a99e') in 0.011663 seconds 
========================================================================
Received Import Request.
  Time since last request: 0.000022 seconds.
  path: Assets/Tiles/Basic_Tiles/newHeroTileSet_217.asset
  artifactKey: Guid(ab3f14d7b5df9a644b2fd313fffc6b32) Importer(815301076,1909f56bfc062723c751e8b465ee728b)
Start importing Assets/Tiles/Basic_Tiles/newHeroTileSet_217.asset using Guid(ab3f14d7b5df9a644b2fd313fffc6b32) Importer(815301076,1909f56bfc062723c751e8b465ee728b)  -> (artifact id: '2ece7ab289df8a8b41f1563aba350bf2') in 0.010541 seconds 
========================================================================
Received Import Request.
  Time since last request: 0.000017 seconds.
  path: Assets/Tiles/Basic_Tiles/newHeroTileSet_223.asset
  artifactKey: Guid(9d31ef5208487ee4cbab76bb454a672e) Importer(815301076,1909f56bfc062723c751e8b465ee728b)
Start importing Assets/Tiles/Basic_Tiles/newHeroTileSet_223.asset using Guid(9d31ef5208487ee4cbab76bb454a672e) Importer(815301076,1909f56bfc062723c751e8b465ee728b)  -> (artifact id: 'd1829b242c6b51276d0f04ace0db30bc') in 0.011204 seconds 
========================================================================
Received Import Request.
  Time since last request: 0.000023 seconds.
  path: Assets/Tiles/Basic_Tiles/newHeroTileSet_208.asset
  artifactKey: Guid(3297dee6c86910844bf58666d63a959a) Importer(815301076,1909f56bfc062723c751e8b465ee728b)
Start importing Assets/Tiles/Basic_Tiles/newHeroTileSet_208.asset using Guid(3297dee6c86910844bf58666d63a959a) Importer(815301076,1909f56bfc062723c751e8b465ee728b)  -> (artifact id: '256d1e0a4ad8f6f5910435f33c500c34') in 0.011690 seconds 
========================================================================
Received Import Request.
  Time since last request: 0.000020 seconds.
  path: Assets/Tiles/Basic_Tiles/newHeroTileSet_226.asset
  artifactKey: Guid(419fbfe3ea4e4d147817d4ac7f8670b4) Importer(815301076,1909f56bfc062723c751e8b465ee728b)
Start importing Assets/Tiles/Basic_Tiles/newHeroTileSet_226.asset using Guid(419fbfe3ea4e4d147817d4ac7f8670b4) Importer(815301076,1909f56bfc062723c751e8b465ee728b)  -> (artifact id: '3ae073db1bb073463c4c6aa4b47a6a06') in 0.012058 seconds 
========================================================================
Received Import Request.
  Time since last request: 0.000017 seconds.
  path: Assets/Tiles/Basic_Tiles/newHeroTileSet_232.asset
  artifactKey: Guid(962942b145c76d0419585b57051c7756) Importer(815301076,1909f56bfc062723c751e8b465ee728b)
Start importing Assets/Tiles/Basic_Tiles/newHeroTileSet_232.asset using Guid(962942b145c76d0419585b57051c7756) Importer(815301076,1909f56bfc062723c751e8b465ee728b)  -> (artifact id: 'a679732b7aa56efb672dd083895d4351') in 0.011597 seconds 
========================================================================
Received Import Request.
  Time since last request: 0.000025 seconds.
  path: Assets/Tiles/Basic_Tiles/newHeroTileSet_206.asset
  artifactKey: Guid(d6eb92d8c6b5d4a459103373300f3b36) Importer(815301076,1909f56bfc062723c751e8b465ee728b)
Start importing Assets/Tiles/Basic_Tiles/newHeroTileSet_206.asset using Guid(d6eb92d8c6b5d4a459103373300f3b36) Importer(815301076,1909f56bfc062723c751e8b465ee728b)  -> (artifact id: 'b7fdc911ce8ef09cbb3286745005c479') in 0.012473 seconds 
========================================================================
Received Import Request.
  Time since last request: 0.000022 seconds.
  path: Assets/Tiles/Basic_Tiles/newHeroTileSet_233.asset
  artifactKey: Guid(397199d63ce73d1449c49ffcb9401b77) Importer(815301076,1909f56bfc062723c751e8b465ee728b)
Start importing Assets/Tiles/Basic_Tiles/newHeroTileSet_233.asset using Guid(397199d63ce73d1449c49ffcb9401b77) Importer(815301076,1909f56bfc062723c751e8b465ee728b)  -> (artifact id: 'e36f1a7cc9ee38a49d470ffc6ba53a4e') in 0.013079 seconds 
========================================================================
Received Import Request.
  Time since last request: 0.000032 seconds.
  path: Assets/Tiles/Basic_Tiles/newHeroTileSet_218.asset
  artifactKey: Guid(0f78c54325966874bbbb0cc88f100759) Importer(815301076,1909f56bfc062723c751e8b465ee728b)
Start importing Assets/Tiles/Basic_Tiles/newHeroTileSet_218.asset using Guid(0f78c54325966874bbbb0cc88f100759) Importer(815301076,1909f56bfc062723c751e8b465ee728b)  -> (artifact id: 'ffe2fb0f87a1a20858f3f5835c8f0822') in 0.012085 seconds 
========================================================================
Received Import Request.
  Time since last request: 0.000032 seconds.
  path: Assets/Tiles/Basic_Tiles/newHeroTileSet_195.asset
  artifactKey: Guid(1d0d5c76015d7e541b4016b152407b70) Importer(815301076,1909f56bfc062723c751e8b465ee728b)
Start importing Assets/Tiles/Basic_Tiles/newHeroTileSet_195.asset using Guid(1d0d5c76015d7e541b4016b152407b70) Importer(815301076,1909f56bfc062723c751e8b465ee728b)  -> (artifact id: '1702bb7cfe8c3220a80e88551fd2bc8a') in 0.015774 seconds 
========================================================================
Received Import Request.
  Time since last request: 0.000022 seconds.
  path: Assets/Tiles/Basic_Tiles/newHeroTileSet_204.asset
  artifactKey: Guid(09ad842457c81204e89fa70095120dab) Importer(815301076,1909f56bfc062723c751e8b465ee728b)
Start importing Assets/Tiles/Basic_Tiles/newHeroTileSet_204.asset using Guid(09ad842457c81204e89fa70095120dab) Importer(815301076,1909f56bfc062723c751e8b465ee728b)  -> (artifact id: '20ef473714e3b2e32166e62367714c43') in 0.012180 seconds 
========================================================================
Received Import Request.
  Time since last request: 0.000027 seconds.
  path: Assets/Tiles/Basic_Tiles/newHeroTileSet_216.asset
  artifactKey: Guid(4984c030306d4dc4e8082c3037903ae1) Importer(815301076,1909f56bfc062723c751e8b465ee728b)
Start importing Assets/Tiles/Basic_Tiles/newHeroTileSet_216.asset using Guid(4984c030306d4dc4e8082c3037903ae1) Importer(815301076,1909f56bfc062723c751e8b465ee728b)  -> (artifact id: '62168a0beee03de04128d83a14cd4c37') in 0.013561 seconds 
========================================================================
Received Import Request.
  Time since last request: 0.000030 seconds.
  path: Assets/Tiles/Basic_Tiles/newHeroTileSet_203.asset
  artifactKey: Guid(257caacac0de6664caf0a34374226288) Importer(815301076,1909f56bfc062723c751e8b465ee728b)
Start importing Assets/Tiles/Basic_Tiles/newHeroTileSet_203.asset using Guid(257caacac0de6664caf0a34374226288) Importer(815301076,1909f56bfc062723c751e8b465ee728b)  -> (artifact id: '5338c956b6b3bce66409574c51949a3a') in 0.011923 seconds 
Editor requested this worker to shutdown with reason: Scaling down because of idle timeout
AssetImportWorker is now disconnected from the server
Process exiting
Exiting without the bug reporter. Application will terminate with return code 0